#
# There is insufficient memory for the Java Runtime Environment to continue.
# Native memory allocation (malloc) failed to allocate 32744 bytes for ChunkPool::allocate
# Possible reasons:
#   The system is out of physical RAM or swap space
#   The process is running with CompressedOops enabled, and the Java Heap may be blocking the growth of the native heap
# Possible solutions:
#   Reduce memory load on the system
#   Increase physical memory or swap space
#   Check if swap backing store is full
#   Decrease Java heap size (-Xmx/-Xms)
#   Decrease number of Java threads
#   Decrease Java thread stack sizes (-Xss)
#   Set larger code cache with -XX:ReservedCodeCacheSize=
#   JVM is running with Unscaled Compressed Oops mode in which the Java heap is
#     placed in the first 4GB address space. The Java Heap base address is the
#     maximum limit for the native heap growth. Please use -XX:HeapBaseMinAddress
#     to set the Java Heap base and to place the Java Heap above 4GB virtual address.
# This output file may be truncated or incomplete.
#
#  Out of Memory Error (./open/src/hotspot/share/memory/arena.cpp:79), pid=25092, tid=18508
#
# JRE version: Java(TM) SE Runtime Environment (14.0.2+12) (build 14.0.2+12-46)
# Java VM: Java HotSpot(TM) 64-Bit Server VM (14.0.2+12-46, mixed mode, sharing, tiered, compressed oops, g1 gc, windows-amd64)
# No core dump will be written. Minidumps are not enabled by default on client versions of Windows
#

---------------  S U M M A R Y ------------

Command Line: --module-path=C:\Users\Asus\javafx-sdk-15\lib --add-modules=javafx.controls,javafx.fxml --add-modules=javafx.base,javafx.graphics --add-reads=javafx.base=ALL-UNNAMED --add-reads=javafx.graphics=ALL-UNNAMED -javaagent:C:\Program Files\JetBrains\IntelliJ IDEA Community Edition 2020.2.3\lib\idea_rt.jar=64755:C:\Program Files\JetBrains\IntelliJ IDEA Community Edition 2020.2.3\bin -Dfile.encoding=UTF-8 sample.sample.Main

Host: Intel(R) Core(TM) i3-8130U CPU @ 2.20GHz, 4 cores, 7G,  Windows 10 , 64 bit Build 19041 (10.0.19041.546)
Time: Thu Dec  3 16:16:52 2020 RTZ 2 (зима) elapsed time: 7 seconds (0d 0h 0m 7s)

---------------  T H R E A D  ---------------

Current thread (0x000001be6032e000):  VMThread "VM Thread" [stack: 0x0000003f54300000,0x0000003f54400000] [id=18508] _threads_hazard_ptr=0x000001be622102c0

Stack: [0x0000003f54300000,0x0000003f54400000]
[error occurred during error reporting (printing stack bounds), id 0xc0000005, EXCEPTION_ACCESS_VIOLATION (0xc0000005) at pc=0x000001be49bd10ad]

Native frames: (J=compiled Java code, j=interpreted, Vv=VM code, C=native code)
V  [jvm.dll+0x5f8a9a]
V  [jvm.dll+0x74247a]
V  [jvm.dll+0x743c2f]
V  [jvm.dll+0x7441d5]
V  [jvm.dll+0x74418b]
V  [jvm.dll+0x5f7f6f]
V  [jvm.dll+0x5f8738]
C  [ntdll.dll+0xa10ef]
C  [ntdll.dll+0x4b474]
C  [ntdll.dll+0x9fc1e]
C  0x000001be49bd10ad

VM_Operation (0x0000003f555fc0a0): HandshakeOneThread, mode: no safepoint, requested by thread 0x000001be61bca000


---------------  P R O C E S S  ---------------

Threads class SMR info:
_java_thread_list=0x000001be622102c0, length=18, elements={
0x000001be3fc4a800, 0x000001be60330000, 0x000001be60331000, 0x000001be6034d000,
0x000001be60351000, 0x000001be60352000, 0x000001be60353000, 0x000001be60359800,
0x000001be6035d000, 0x000001be60318000, 0x000001be61891000, 0x000001be61294000,
0x000001be615f2800, 0x000001be60d9a800, 0x000001be61bca000, 0x000001be61b1e000,
0x000001be61819000, 0x000001be62543800
}

Java Threads: ( => current thread )
  0x000001be3fc4a800 JavaThread "main" [_thread_blocked, id=19900, stack(0x0000003f53d00000,0x0000003f53e00000)]
  0x000001be60330000 JavaThread "Reference Handler" daemon [_thread_blocked, id=8012, stack(0x0000003f54400000,0x0000003f54500000)]
  0x000001be60331000 JavaThread "Finalizer" daemon [_thread_blocked, id=10888, stack(0x0000003f54500000,0x0000003f54600000)]
  0x000001be6034d000 JavaThread "Signal Dispatcher" daemon [_thread_blocked, id=18856, stack(0x0000003f54600000,0x0000003f54700000)]
  0x000001be60351000 JavaThread "Attach Listener" daemon [_thread_blocked, id=10916, stack(0x0000003f54700000,0x0000003f54800000)]
  0x000001be60352000 JavaThread "Service Thread" daemon [_thread_blocked, id=17352, stack(0x0000003f54800000,0x0000003f54900000)]
  0x000001be60353000 JavaThread "C2 CompilerThread0" daemon [_thread_blocked, id=11692, stack(0x0000003f54900000,0x0000003f54a00000)]
  0x000001be60359800 JavaThread "C1 CompilerThread0" daemon [_thread_blocked, id=23952, stack(0x0000003f54a00000,0x0000003f54b00000)]
  0x000001be6035d000 JavaThread "Sweeper thread" daemon [_thread_blocked, id=2992, stack(0x0000003f54b00000,0x0000003f54c00000)]
  0x000001be60318000 JavaThread "Common-Cleaner" daemon [_thread_blocked, id=13236, stack(0x0000003f54c00000,0x0000003f54d00000)]
  0x000001be61891000 JavaThread "Monitor Ctrl-Break" daemon [_thread_in_native, id=8064, stack(0x0000003f54d00000,0x0000003f54e00000)]
  0x000001be61294000 JavaThread "Notification Thread" daemon [_thread_blocked, id=27456, stack(0x0000003f54e00000,0x0000003f54f00000)]
  0x000001be615f2800 JavaThread "QuantumRenderer-0" daemon [_thread_blocked, id=13180, stack(0x0000003f55000000,0x0000003f55100000)]
  0x000001be60d9a800 JavaThread "InvokeLaterDispatcher" daemon [_thread_blocked, id=640, stack(0x0000003f55400000,0x0000003f55500000)]
  0x000001be61bca000 JavaThread "JavaFX Application Thread" [_thread_blocked, id=26464, stack(0x0000003f55500000,0x0000003f55600000)]
  0x000001be61b1e000 JavaThread "JavaFX-Launcher" [_thread_blocked, id=18788, stack(0x0000003f55a00000,0x0000003f55b00000)]
  0x000001be61819000 JavaThread "Thread-2" daemon [_thread_in_native, id=10732, stack(0x0000003f55900000,0x0000003f55a00000)]
  0x000001be62543800 JavaThread "C2 CompilerThread1" daemon [_thread_in_native, id=15536, stack(0x0000003f55b00000,0x0000003f55c00000)]

Other Threads:
=>0x000001be6032e000 VMThread "VM Thread" [stack: 0x0000003f54300000,0x0000003f54400000] [id=18508] _threads_hazard_ptr=0x000001be622102c0
  0x000001be60da3000 WatcherThread [stack: 0x0000003f54f00000,0x0000003f55000000] [id=5976]
  0x000001be3fc90000 GCTaskThread "GC Thread#0" [stack: 0x0000003f53e00000,0x0000003f53f00000] [id=2292]
  0x000001be61710000 GCTaskThread "GC Thread#1" [stack: 0x0000003f55200000,0x0000003f55300000] [id=26956]
  0x000001be6181c800 GCTaskThread "GC Thread#2" [stack: 0x0000003f55300000,0x0000003f55400000] [id=14804]
  0x000001be61b03800 GCTaskThread "GC Thread#3" [stack: 0x0000003f55c00000,0x0000003f55d00000] [id=14752]
  0x000001be3fca1000 ConcurrentGCThread "G1 Main Marker" [stack: 0x0000003f53f00000,0x0000003f54000000] [id=26644]
  0x000001be3fca2800 ConcurrentGCThread "G1 Conc#0" [stack: 0x0000003f54000000,0x0000003f54100000] [id=15976]
  0x000001be3fd2b800 ConcurrentGCThread "G1 Refine#0" [stack: 0x0000003f54100000,0x0000003f54200000] [id=18504]
  0x000001be3fd2e000 ConcurrentGCThread "G1 Young RemSet Sampling" [stack: 0x0000003f54200000,0x0000003f54300000] [id=8556]

Threads with active compile tasks:
C2 CompilerThread1     7716 1106   !   4       com.sun.javafx.css.ParsedValueImpl::readBinary (688 bytes)

VM state:not at safepoint (normal execution)

VM Mutex/Monitor currently owned by a thread:  ([mutex/lock_event])
[0x000001be3fc47250] Threads_lock - owner thread: 0x000001be6032e000

Heap address: 0x0000000081c00000, size: 2020 MB, Compressed Oops mode: 32-bit
Narrow klass base: 0x0000000800000000, Narrow klass shift: 3
Compressed class space size: 1073741824 Address: 0x0000000800b30000

Heap:
 garbage-first heap   total 131072K, used 52326K [0x0000000081c00000, 0x0000000100000000)
  region size 1024K, 15 young (15360K), 3 survivors (3072K)
 Metaspace       used 11372K, capacity 12335K, committed 12544K, reserved 1060864K
  class space    used 1535K, capacity 1726K, committed 1792K, reserved 1048576K
Heap Regions: E=young(eden), S=young(survivor), O=old, HS=humongous(starts), HC=humongous(continues), CS=collection set, F=free, OA=open archive, CA=closed archive, TAMS=top-at-mark-start (previous, next)
|   0|0x0000000081c00000, 0x0000000081d00000, 0x0000000081d00000|100%| O|  |TAMS 0x0000000081c00000, 0x0000000081c00000| Untracked 
|   1|0x0000000081d00000, 0x0000000081e00000, 0x0000000081e00000|100%| O|  |TAMS 0x0000000081d00000, 0x0000000081d00000| Untracked 
|   2|0x0000000081e00000, 0x0000000081eb4200, 0x0000000081f00000| 70%| O|  |TAMS 0x0000000081e00000, 0x0000000081e00000| Untracked 
|   3|0x0000000081f00000, 0x0000000082000000, 0x0000000082000000|100%|HS|  |TAMS 0x0000000081f00000, 0x0000000081f00000| Complete 
|   4|0x0000000082000000, 0x0000000082100000, 0x0000000082100000|100%|HC|  |TAMS 0x0000000082000000, 0x0000000082000000| Complete 
|   5|0x0000000082100000, 0x0000000082200000, 0x0000000082200000|100%|HC|  |TAMS 0x0000000082100000, 0x0000000082100000| Complete 
|   6|0x0000000082200000, 0x0000000082300000, 0x0000000082300000|100%|HC|  |TAMS 0x0000000082200000, 0x0000000082200000| Complete 
|   7|0x0000000082300000, 0x0000000082400000, 0x0000000082400000|100%|HC|  |TAMS 0x0000000082300000, 0x0000000082300000| Complete 
|   8|0x0000000082400000, 0x0000000082500000, 0x0000000082500000|100%|HC|  |TAMS 0x0000000082400000, 0x0000000082400000| Complete 
|   9|0x0000000082500000, 0x0000000082600000, 0x0000000082600000|100%|HC|  |TAMS 0x0000000082500000, 0x0000000082500000| Complete 
|  10|0x0000000082600000, 0x0000000082700000, 0x0000000082700000|100%|HC|  |TAMS 0x0000000082600000, 0x0000000082600000| Complete 
|  11|0x0000000082700000, 0x0000000082800000, 0x0000000082800000|100%|HC|  |TAMS 0x0000000082700000, 0x0000000082700000| Complete 
|  12|0x0000000082800000, 0x0000000082900000, 0x0000000082900000|100%|HC|  |TAMS 0x0000000082800000, 0x0000000082800000| Complete 
|  13|0x0000000082900000, 0x0000000082a00000, 0x0000000082a00000|100%|HS|  |TAMS 0x0000000082900000, 0x0000000082900000| Complete 
|  14|0x0000000082a00000, 0x0000000082b00000, 0x0000000082b00000|100%|HC|  |TAMS 0x0000000082a00000, 0x0000000082a00000| Complete 
|  15|0x0000000082b00000, 0x0000000082c00000, 0x0000000082c00000|100%|HC|  |TAMS 0x0000000082b00000, 0x0000000082b00000| Complete 
|  16|0x0000000082c00000, 0x0000000082d00000, 0x0000000082d00000|100%|HC|  |TAMS 0x0000000082c00000, 0x0000000082c00000| Complete 
|  17|0x0000000082d00000, 0x0000000082e00000, 0x0000000082e00000|100%|HC|  |TAMS 0x0000000082d00000, 0x0000000082d00000| Complete 
|  18|0x0000000082e00000, 0x0000000082f00000, 0x0000000082f00000|100%|HC|  |TAMS 0x0000000082e00000, 0x0000000082e00000| Complete 
|  19|0x0000000082f00000, 0x0000000083000000, 0x0000000083000000|100%|HC|  |TAMS 0x0000000082f00000, 0x0000000082f00000| Complete 
|  20|0x0000000083000000, 0x0000000083100000, 0x0000000083100000|100%|HS|  |TAMS 0x0000000083000000, 0x0000000083000000| Complete 
|  21|0x0000000083100000, 0x0000000083200000, 0x0000000083200000|100%|HC|  |TAMS 0x0000000083100000, 0x0000000083100000| Complete 
|  22|0x0000000083200000, 0x0000000083300000, 0x0000000083300000|100%|HC|  |TAMS 0x0000000083200000, 0x0000000083200000| Complete 
|  23|0x0000000083300000, 0x0000000083400000, 0x0000000083400000|100%|HC|  |TAMS 0x0000000083300000, 0x0000000083300000| Complete 
|  24|0x0000000083400000, 0x0000000083500000, 0x0000000083500000|100%|HC|  |TAMS 0x0000000083400000, 0x0000000083400000| Complete 
|  25|0x0000000083500000, 0x0000000083600000, 0x0000000083600000|100%|HC|  |TAMS 0x0000000083500000, 0x0000000083500000| Complete 
|  26|0x0000000083600000, 0x0000000083700000, 0x0000000083700000|100%|HC|  |TAMS 0x0000000083600000, 0x0000000083600000| Complete 
|  27|0x0000000083700000, 0x0000000083800000, 0x0000000083800000|100%|HC|  |TAMS 0x0000000083700000, 0x0000000083700000| Complete 
|  28|0x0000000083800000, 0x0000000083900000, 0x0000000083900000|100%|HC|  |TAMS 0x0000000083800000, 0x0000000083800000| Complete 
|  29|0x0000000083900000, 0x0000000083a00000, 0x0000000083a00000|100%|HC|  |TAMS 0x0000000083900000, 0x0000000083900000| Complete 
|  30|0x0000000083a00000, 0x0000000083b00000, 0x0000000083b00000|100%|HC|  |TAMS 0x0000000083a00000, 0x0000000083a00000| Complete 
|  31|0x0000000083b00000, 0x0000000083c00000, 0x0000000083c00000|100%|HC|  |TAMS 0x0000000083b00000, 0x0000000083b00000| Complete 
|  32|0x0000000083c00000, 0x0000000083d00000, 0x0000000083d00000|100%|HC|  |TAMS 0x0000000083c00000, 0x0000000083c00000| Complete 
|  33|0x0000000083d00000, 0x0000000083e00000, 0x0000000083e00000|100%|HC|  |TAMS 0x0000000083d00000, 0x0000000083d00000| Complete 
|  34|0x0000000083e00000, 0x0000000083f00000, 0x0000000083f00000|100%|HC|  |TAMS 0x0000000083e00000, 0x0000000083e00000| Complete 
|  35|0x0000000083f00000, 0x0000000084000000, 0x0000000084000000|100%|HS|  |TAMS 0x0000000083f00000, 0x0000000083f00000| Complete 
|  36|0x0000000084000000, 0x0000000084100000, 0x0000000084100000|100%|HC|  |TAMS 0x0000000084000000, 0x0000000084000000| Complete 
|  37|0x0000000084100000, 0x0000000084200000, 0x0000000084200000|100%|HC|  |TAMS 0x0000000084100000, 0x0000000084100000| Complete 
|  38|0x0000000084200000, 0x0000000084200000, 0x0000000084300000|  0%| F|  |TAMS 0x0000000084200000, 0x0000000084200000| Untracked 
|  39|0x0000000084300000, 0x0000000084300000, 0x0000000084400000|  0%| F|  |TAMS 0x0000000084300000, 0x0000000084300000| Untracked 
|  40|0x0000000084400000, 0x0000000084400000, 0x0000000084500000|  0%| F|  |TAMS 0x0000000084400000, 0x0000000084400000| Untracked 
|  41|0x0000000084500000, 0x0000000084500000, 0x0000000084600000|  0%| F|  |TAMS 0x0000000084500000, 0x0000000084500000| Untracked 
|  42|0x0000000084600000, 0x0000000084600000, 0x0000000084700000|  0%| F|  |TAMS 0x0000000084600000, 0x0000000084600000| Untracked 
|  43|0x0000000084700000, 0x0000000084700000, 0x0000000084800000|  0%| F|  |TAMS 0x0000000084700000, 0x0000000084700000| Untracked 
|  44|0x0000000084800000, 0x0000000084800000, 0x0000000084900000|  0%| F|  |TAMS 0x0000000084800000, 0x0000000084800000| Untracked 
|  45|0x0000000084900000, 0x0000000084900000, 0x0000000084a00000|  0%| F|  |TAMS 0x0000000084900000, 0x0000000084900000| Untracked 
|  46|0x0000000084a00000, 0x0000000084a00000, 0x0000000084b00000|  0%| F|  |TAMS 0x0000000084a00000, 0x0000000084a00000| Untracked 
|  47|0x0000000084b00000, 0x0000000084b00000, 0x0000000084c00000|  0%| F|  |TAMS 0x0000000084b00000, 0x0000000084b00000| Untracked 
|  48|0x0000000084c00000, 0x0000000084c00000, 0x0000000084d00000|  0%| F|  |TAMS 0x0000000084c00000, 0x0000000084c00000| Untracked 
|  49|0x0000000084d00000, 0x0000000084d00000, 0x0000000084e00000|  0%| F|  |TAMS 0x0000000084d00000, 0x0000000084d00000| Untracked 
|  50|0x0000000084e00000, 0x0000000084e00000, 0x0000000084f00000|  0%| F|  |TAMS 0x0000000084e00000, 0x0000000084e00000| Untracked 
|  51|0x0000000084f00000, 0x0000000084f00000, 0x0000000085000000|  0%| F|  |TAMS 0x0000000084f00000, 0x0000000084f00000| Untracked 
|  52|0x0000000085000000, 0x0000000085000000, 0x0000000085100000|  0%| F|  |TAMS 0x0000000085000000, 0x0000000085000000| Untracked 
|  53|0x0000000085100000, 0x0000000085100000, 0x0000000085200000|  0%| F|  |TAMS 0x0000000085100000, 0x0000000085100000| Untracked 
|  54|0x0000000085200000, 0x0000000085200000, 0x0000000085300000|  0%| F|  |TAMS 0x0000000085200000, 0x0000000085200000| Untracked 
|  55|0x0000000085300000, 0x0000000085300000, 0x0000000085400000|  0%| F|  |TAMS 0x0000000085300000, 0x0000000085300000| Untracked 
|  56|0x0000000085400000, 0x0000000085400000, 0x0000000085500000|  0%| F|  |TAMS 0x0000000085400000, 0x0000000085400000| Untracked 
|  57|0x0000000085500000, 0x0000000085500000, 0x0000000085600000|  0%| F|  |TAMS 0x0000000085500000, 0x0000000085500000| Untracked 
|  58|0x0000000085600000, 0x0000000085600000, 0x0000000085700000|  0%| F|  |TAMS 0x0000000085600000, 0x0000000085600000| Untracked 
|  59|0x0000000085700000, 0x0000000085700000, 0x0000000085800000|  0%| F|  |TAMS 0x0000000085700000, 0x0000000085700000| Untracked 
|  60|0x0000000085800000, 0x0000000085800000, 0x0000000085900000|  0%| F|  |TAMS 0x0000000085800000, 0x0000000085800000| Untracked 
|  61|0x0000000085900000, 0x0000000085900000, 0x0000000085a00000|  0%| F|  |TAMS 0x0000000085900000, 0x0000000085900000| Untracked 
|  62|0x0000000085a00000, 0x0000000085a00000, 0x0000000085b00000|  0%| F|  |TAMS 0x0000000085a00000, 0x0000000085a00000| Untracked 
|  63|0x0000000085b00000, 0x0000000085b00000, 0x0000000085c00000|  0%| F|  |TAMS 0x0000000085b00000, 0x0000000085b00000| Untracked 
|  64|0x0000000085c00000, 0x0000000085c00000, 0x0000000085d00000|  0%| F|  |TAMS 0x0000000085c00000, 0x0000000085c00000| Untracked 
|  65|0x0000000085d00000, 0x0000000085d00000, 0x0000000085e00000|  0%| F|  |TAMS 0x0000000085d00000, 0x0000000085d00000| Untracked 
|  66|0x0000000085e00000, 0x0000000085e00000, 0x0000000085f00000|  0%| F|  |TAMS 0x0000000085e00000, 0x0000000085e00000| Untracked 
|  67|0x0000000085f00000, 0x0000000085f00000, 0x0000000086000000|  0%| F|  |TAMS 0x0000000085f00000, 0x0000000085f00000| Untracked 
|  68|0x0000000086000000, 0x0000000086000000, 0x0000000086100000|  0%| F|  |TAMS 0x0000000086000000, 0x0000000086000000| Untracked 
|  69|0x0000000086100000, 0x0000000086100000, 0x0000000086200000|  0%| F|  |TAMS 0x0000000086100000, 0x0000000086100000| Untracked 
|  70|0x0000000086200000, 0x0000000086200000, 0x0000000086300000|  0%| F|  |TAMS 0x0000000086200000, 0x0000000086200000| Untracked 
|  71|0x0000000086300000, 0x0000000086300000, 0x0000000086400000|  0%| F|  |TAMS 0x0000000086300000, 0x0000000086300000| Untracked 
|  72|0x0000000086400000, 0x0000000086400000, 0x0000000086500000|  0%| F|  |TAMS 0x0000000086400000, 0x0000000086400000| Untracked 
|  73|0x0000000086500000, 0x0000000086500000, 0x0000000086600000|  0%| F|  |TAMS 0x0000000086500000, 0x0000000086500000| Untracked 
|  74|0x0000000086600000, 0x0000000086600000, 0x0000000086700000|  0%| F|  |TAMS 0x0000000086600000, 0x0000000086600000| Untracked 
|  75|0x0000000086700000, 0x0000000086700000, 0x0000000086800000|  0%| F|  |TAMS 0x0000000086700000, 0x0000000086700000| Untracked 
|  76|0x0000000086800000, 0x0000000086800000, 0x0000000086900000|  0%| F|  |TAMS 0x0000000086800000, 0x0000000086800000| Untracked 
|  77|0x0000000086900000, 0x0000000086900000, 0x0000000086a00000|  0%| F|  |TAMS 0x0000000086900000, 0x0000000086900000| Untracked 
|  78|0x0000000086a00000, 0x0000000086a00000, 0x0000000086b00000|  0%| F|  |TAMS 0x0000000086a00000, 0x0000000086a00000| Untracked 
|  79|0x0000000086b00000, 0x0000000086b00000, 0x0000000086c00000|  0%| F|  |TAMS 0x0000000086b00000, 0x0000000086b00000| Untracked 
|  80|0x0000000086c00000, 0x0000000086c00000, 0x0000000086d00000|  0%| F|  |TAMS 0x0000000086c00000, 0x0000000086c00000| Untracked 
|  81|0x0000000086d00000, 0x0000000086d00000, 0x0000000086e00000|  0%| F|  |TAMS 0x0000000086d00000, 0x0000000086d00000| Untracked 
|  82|0x0000000086e00000, 0x0000000086e00000, 0x0000000086f00000|  0%| F|  |TAMS 0x0000000086e00000, 0x0000000086e00000| Untracked 
|  83|0x0000000086f00000, 0x0000000086f00000, 0x0000000087000000|  0%| F|  |TAMS 0x0000000086f00000, 0x0000000086f00000| Untracked 
|  84|0x0000000087000000, 0x0000000087000000, 0x0000000087100000|  0%| F|  |TAMS 0x0000000087000000, 0x0000000087000000| Untracked 
|  85|0x0000000087100000, 0x0000000087100000, 0x0000000087200000|  0%| F|  |TAMS 0x0000000087100000, 0x0000000087100000| Untracked 
|  86|0x0000000087200000, 0x0000000087200000, 0x0000000087300000|  0%| F|  |TAMS 0x0000000087200000, 0x0000000087200000| Untracked 
|  87|0x0000000087300000, 0x0000000087300000, 0x0000000087400000|  0%| F|  |TAMS 0x0000000087300000, 0x0000000087300000| Untracked 
|  88|0x0000000087400000, 0x0000000087400000, 0x0000000087500000|  0%| F|  |TAMS 0x0000000087400000, 0x0000000087400000| Untracked 
|  89|0x0000000087500000, 0x0000000087500000, 0x0000000087600000|  0%| F|  |TAMS 0x0000000087500000, 0x0000000087500000| Untracked 
|  90|0x0000000087600000, 0x0000000087600000, 0x0000000087700000|  0%| F|  |TAMS 0x0000000087600000, 0x0000000087600000| Untracked 
|  91|0x0000000087700000, 0x0000000087700000, 0x0000000087800000|  0%| F|  |TAMS 0x0000000087700000, 0x0000000087700000| Untracked 
|  92|0x0000000087800000, 0x0000000087800000, 0x0000000087900000|  0%| F|  |TAMS 0x0000000087800000, 0x0000000087800000| Untracked 
|  93|0x0000000087900000, 0x0000000087900000, 0x0000000087a00000|  0%| F|  |TAMS 0x0000000087900000, 0x0000000087900000| Untracked 
|  94|0x0000000087a00000, 0x0000000087a00000, 0x0000000087b00000|  0%| F|  |TAMS 0x0000000087a00000, 0x0000000087a00000| Untracked 
|  95|0x0000000087b00000, 0x0000000087b00000, 0x0000000087c00000|  0%| F|  |TAMS 0x0000000087b00000, 0x0000000087b00000| Untracked 
|  96|0x0000000087c00000, 0x0000000087c00000, 0x0000000087d00000|  0%| F|  |TAMS 0x0000000087c00000, 0x0000000087c00000| Untracked 
|  97|0x0000000087d00000, 0x0000000087d00000, 0x0000000087e00000|  0%| F|  |TAMS 0x0000000087d00000, 0x0000000087d00000| Untracked 
|  98|0x0000000087e00000, 0x0000000087e00000, 0x0000000087f00000|  0%| F|  |TAMS 0x0000000087e00000, 0x0000000087e00000| Untracked 
|  99|0x0000000087f00000, 0x0000000087f00000, 0x0000000088000000|  0%| F|  |TAMS 0x0000000087f00000, 0x0000000087f00000| Untracked 
| 100|0x0000000088000000, 0x0000000088000000, 0x0000000088100000|  0%| F|  |TAMS 0x0000000088000000, 0x0000000088000000| Untracked 
| 101|0x0000000088100000, 0x0000000088100000, 0x0000000088200000|  0%| F|  |TAMS 0x0000000088100000, 0x0000000088100000| Untracked 
| 102|0x0000000088200000, 0x0000000088200000, 0x0000000088300000|  0%| F|  |TAMS 0x0000000088200000, 0x0000000088200000| Untracked 
| 103|0x0000000088300000, 0x0000000088300000, 0x0000000088400000|  0%| F|  |TAMS 0x0000000088300000, 0x0000000088300000| Untracked 
| 104|0x0000000088400000, 0x0000000088400000, 0x0000000088500000|  0%| F|  |TAMS 0x0000000088400000, 0x0000000088400000| Untracked 
| 105|0x0000000088500000, 0x0000000088500000, 0x0000000088600000|  0%| F|  |TAMS 0x0000000088500000, 0x0000000088500000| Untracked 
| 106|0x0000000088600000, 0x0000000088600000, 0x0000000088700000|  0%| F|  |TAMS 0x0000000088600000, 0x0000000088600000| Untracked 
| 107|0x0000000088700000, 0x0000000088700000, 0x0000000088800000|  0%| F|  |TAMS 0x0000000088700000, 0x0000000088700000| Untracked 
| 108|0x0000000088800000, 0x0000000088865640, 0x0000000088900000| 39%| S|CS|TAMS 0x0000000088800000, 0x0000000088800000| Complete 
| 109|0x0000000088900000, 0x0000000088a00000, 0x0000000088a00000|100%| S|CS|TAMS 0x0000000088900000, 0x0000000088900000| Complete 
| 110|0x0000000088a00000, 0x0000000088b00000, 0x0000000088b00000|100%| S|CS|TAMS 0x0000000088a00000, 0x0000000088a00000| Complete 
| 111|0x0000000088b00000, 0x0000000088b00000, 0x0000000088c00000|  0%| F|  |TAMS 0x0000000088b00000, 0x0000000088b00000| Untracked 
| 112|0x0000000088c00000, 0x0000000088c00000, 0x0000000088d00000|  0%| F|  |TAMS 0x0000000088c00000, 0x0000000088c00000| Untracked 
| 113|0x0000000088d00000, 0x0000000088d00000, 0x0000000088e00000|  0%| F|  |TAMS 0x0000000088d00000, 0x0000000088d00000| Untracked 
| 114|0x0000000088e00000, 0x0000000088e00000, 0x0000000088f00000|  0%| F|  |TAMS 0x0000000088e00000, 0x0000000088e00000| Untracked 
| 115|0x0000000088f00000, 0x0000000088f00000, 0x0000000089000000|  0%| F|  |TAMS 0x0000000088f00000, 0x0000000088f00000| Untracked 
| 116|0x0000000089000000, 0x0000000089082010, 0x0000000089100000| 50%| E|  |TAMS 0x0000000089000000, 0x0000000089000000| Complete 
| 117|0x0000000089100000, 0x0000000089200000, 0x0000000089200000|100%| E|CS|TAMS 0x0000000089100000, 0x0000000089100000| Complete 
| 118|0x0000000089200000, 0x0000000089300000, 0x0000000089300000|100%| E|CS|TAMS 0x0000000089200000, 0x0000000089200000| Complete 
| 119|0x0000000089300000, 0x0000000089400000, 0x0000000089400000|100%| E|CS|TAMS 0x0000000089300000, 0x0000000089300000| Complete 
| 120|0x0000000089400000, 0x0000000089500000, 0x0000000089500000|100%| E|CS|TAMS 0x0000000089400000, 0x0000000089400000| Complete 
| 121|0x0000000089500000, 0x0000000089600000, 0x0000000089600000|100%| E|CS|TAMS 0x0000000089500000, 0x0000000089500000| Complete 
| 122|0x0000000089600000, 0x0000000089700000, 0x0000000089700000|100%| E|CS|TAMS 0x0000000089600000, 0x0000000089600000| Complete 
| 123|0x0000000089700000, 0x0000000089800000, 0x0000000089800000|100%| E|CS|TAMS 0x0000000089700000, 0x0000000089700000| Complete 
| 124|0x0000000089800000, 0x0000000089900000, 0x0000000089900000|100%| E|CS|TAMS 0x0000000089800000, 0x0000000089800000| Complete 
| 125|0x0000000089900000, 0x0000000089a00000, 0x0000000089a00000|100%| E|CS|TAMS 0x0000000089900000, 0x0000000089900000| Complete 
| 126|0x0000000089a00000, 0x0000000089b00000, 0x0000000089b00000|100%| E|CS|TAMS 0x0000000089a00000, 0x0000000089a00000| Complete 
| 127|0x0000000089b00000, 0x0000000089c00000, 0x0000000089c00000|100%| E|CS|TAMS 0x0000000089b00000, 0x0000000089b00000| Complete 

Card table byte_map: [0x000001be595f0000,0x000001be599f0000] _byte_map_base: 0x000001be591e2000

Marking Bits (Prev, Next): (CMBitMap*) 0x000001be3fc908c8, (CMBitMap*) 0x000001be3fc90908
 Prev Bits: [0x000001be59df0000, 0x000001be5bd80000)
 Next Bits: [0x000001be5bd80000, 0x000001be5dd10000)

Polling page: 0x000001be3fad0000

Metaspace:

Usage:
  Non-class:     10.36 MB capacity,     9.61 MB ( 93%) used,   732.48 KB (  7%) free+waste,    39.25 KB ( <1%) overhead. 
      Class:      1.69 MB capacity,     1.50 MB ( 89%) used,   169.38 KB ( 10%) free+waste,    21.56 KB (  1%) overhead. 
       Both:     12.05 MB capacity,    11.11 MB ( 92%) used,   901.86 KB (  7%) free+waste,    60.81 KB ( <1%) overhead. 

Virtual space:
  Non-class space:       12.00 MB reserved,      10.50 MB ( 88%) committed 
      Class space:        1.00 GB reserved,       1.75 MB ( <1%) committed 
             Both:        1.01 GB reserved,      12.25 MB (  1%) committed 

Chunk freelists:
   Non-Class:  15.00 KB
       Class:  2.00 KB
        Both:  17.00 KB

MaxMetaspaceSize: 17179869184.00 GB
CompressedClassSpaceSize: 1.00 GB

CodeHeap 'non-profiled nmethods': size=120000Kb used=554Kb max_used=554Kb free=119445Kb
 bounds [0x000001be516a0000, 0x000001be51910000, 0x000001be58bd0000]
CodeHeap 'profiled nmethods': size=120000Kb used=2441Kb max_used=2441Kb free=117558Kb
 bounds [0x000001be4a170000, 0x000001be4a3e0000, 0x000001be516a0000]
CodeHeap 'non-nmethods': size=5760Kb used=1370Kb max_used=1379Kb free=4389Kb
 bounds [0x000001be49bd0000, 0x000001be49e40000, 0x000001be4a170000]
 total_blobs=2038 nmethods=1362 adapters=588
 compilation: enabled
              stopped_count=0, restarted_count=0
 full_count=0

Compilation events (20 events):
Event: 7.638 Thread 0x000001be60359800 1358       1       javafx.css.Declaration::getProperty (5 bytes)
Event: 7.638 Thread 0x000001be60359800 nmethod 1358 0x000001be51729590 code [0x000001be51729720, 0x000001be517297f8]
Event: 7.638 Thread 0x000001be60359800 1360       3       com.sun.javafx.css.CascadingStyle::getProperty (11 bytes)
Event: 7.638 Thread 0x000001be60359800 nmethod 1360 0x000001be4a3d1710 code [0x000001be4a3d18a0, 0x000001be4a3d19f8]
Event: 7.638 Thread 0x000001be60359800 1361       3       java.lang.StringLatin1::compareTo (14 bytes)
Event: 7.638 Thread 0x000001be60359800 nmethod 1361 0x000001be4a3d1b10 code [0x000001be4a3d1cc0, 0x000001be4a3d1de8]
Event: 7.640 Thread 0x000001be60359800 1362       3       javafx.scene.Node::getScene (11 bytes)
Event: 7.640 Thread 0x000001be60359800 nmethod 1362 0x000001be4a3d1f10 code [0x000001be4a3d20c0, 0x000001be4a3d2508]
Event: 7.642 Thread 0x000001be60359800 1363       1       com.sun.javafx.css.ParsedValueImpl::isLookup (5 bytes)
Event: 7.642 Thread 0x000001be60359800 nmethod 1363 0x000001be51729890 code [0x000001be51729a20, 0x000001be51729af8]
Event: 7.642 Thread 0x000001be60359800 1365       1       javafx.css.ParsedValue::getValue (5 bytes)
Event: 7.642 Thread 0x000001be60359800 nmethod 1365 0x000001be51729b90 code [0x000001be51729d20, 0x000001be51729df8]
Event: 7.642 Thread 0x000001be60359800 1364       1       javafx.scene.Node::getSubScene (5 bytes)
Event: 7.642 Thread 0x000001be60359800 nmethod 1364 0x000001be51729e90 code [0x000001be5172a020, 0x000001be5172a0f8]
Event: 7.644 Thread 0x000001be60359800 1366       1       javafx.css.Size::getUnits (5 bytes)
Event: 7.644 Thread 0x000001be60359800 nmethod 1366 0x000001be5172a190 code [0x000001be5172a320, 0x000001be5172a3f8]
Event: 7.644 Thread 0x000001be60353000 1367       4       java.util.HashMap::isEmpty (13 bytes)
Event: 7.644 Thread 0x000001be60353000 nmethod 1367 0x000001be5172a490 code [0x000001be5172a600, 0x000001be5172a678]
Event: 7.644 Thread 0x000001be60353000 1368       4       java.lang.String::equals (50 bytes)
Event: 7.645 Thread 0x000001be60353000 nmethod 1368 0x000001be5172a790 code [0x000001be5172a900, 0x000001be5172aa98]

GC Heap History (4 events):
Event: 6.377 GC heap before
{Heap before GC invocations=0 (full 0):
 garbage-first heap   total 131072K, used 12288K [0x0000000081c00000, 0x0000000100000000)
  region size 1024K, 13 young (13312K), 0 survivors (0K)
 Metaspace       used 3236K, capacity 5952K, committed 6144K, reserved 1056768K
  class space    used 371K, capacity 647K, committed 768K, reserved 1048576K
}
Event: 6.381 GC heap after
{Heap after GC invocations=1 (full 0):
 garbage-first heap   total 131072K, used 2687K [0x0000000081c00000, 0x0000000100000000)
  region size 1024K, 2 young (2048K), 2 survivors (2048K)
 Metaspace       used 3236K, capacity 5952K, committed 6144K, reserved 1056768K
  class space    used 371K, capacity 647K, committed 768K, reserved 1048576K
}
Event: 6.820 GC heap before
{Heap before GC invocations=1 (full 0):
 garbage-first heap   total 131072K, used 17023K [0x0000000081c00000, 0x0000000100000000)
  region size 1024K, 17 young (17408K), 2 survivors (2048K)
 Metaspace       used 8136K, capacity 9750K, committed 9984K, reserved 1058816K
  class space    used 1023K, capacity 1234K, committed 1280K, reserved 1048576K
}
Event: 6.827 GC heap after
{Heap after GC invocations=2 (full 0):
 garbage-first heap   total 131072K, used 5222K [0x0000000081c00000, 0x0000000100000000)
  region size 1024K, 3 young (3072K), 3 survivors (3072K)
 Metaspace       used 8136K, capacity 9750K, committed 9984K, reserved 1058816K
  class space    used 1023K, capacity 1234K, committed 1280K, reserved 1048576K
}

Deoptimization events (20 events):
Event: 7.508 Thread 0x000001be61bca000 Uncommon trap: trap_request=0xffffff45 fr.pc=0x000001be516d7f54 relative=0x0000000000000034
Event: 7.508 Thread 0x000001be61bca000 Uncommon trap: reason=unstable_if action=reinterpret pc=0x000001be516d7f54 method=java.lang.StringLatin1.canEncode(I)Z @ 4 c2
Event: 7.508 Thread 0x000001be61bca000 DEOPT PACKING pc=0x000001be516d7f54 sp=0x0000003f555fbc70
Event: 7.508 Thread 0x000001be61bca000 DEOPT UNPACKING pc=0x000001be49c1912f sp=0x0000003f555fbc00 mode 2
Event: 7.638 Thread 0x000001be61bca000 Uncommon trap: trap_request=0xffffffde fr.pc=0x000001be51719328 relative=0x0000000000000188
Event: 7.638 Thread 0x000001be61bca000 Uncommon trap: reason=class_check action=maybe_recompile pc=0x000001be51719328 method=java.lang.String.equals(Ljava/lang/Object;)Z @ 8 c2
Event: 7.638 Thread 0x000001be61bca000 DEOPT PACKING pc=0x000001be51719328 sp=0x0000003f555fd7b0
Event: 7.638 Thread 0x000001be61bca000 DEOPT UNPACKING pc=0x000001be49c1912f sp=0x0000003f555fd748 mode 2
Event: 7.638 Thread 0x000001be61bca000 Uncommon trap: trap_request=0xffffffde fr.pc=0x000001be51719328 relative=0x0000000000000188
Event: 7.638 Thread 0x000001be61bca000 Uncommon trap: reason=class_check action=maybe_recompile pc=0x000001be51719328 method=java.lang.String.equals(Ljava/lang/Object;)Z @ 8 c2
Event: 7.638 Thread 0x000001be61bca000 DEOPT PACKING pc=0x000001be51719328 sp=0x0000003f555fd6c0
Event: 7.638 Thread 0x000001be61bca000 DEOPT UNPACKING pc=0x000001be49c1912f sp=0x0000003f555fd658 mode 2
Event: 7.639 Thread 0x000001be61bca000 Uncommon trap: trap_request=0xffffffde fr.pc=0x000001be51719328 relative=0x0000000000000188
Event: 7.639 Thread 0x000001be61bca000 Uncommon trap: reason=class_check action=maybe_recompile pc=0x000001be51719328 method=java.lang.String.equals(Ljava/lang/Object;)Z @ 8 c2
Event: 7.639 Thread 0x000001be61bca000 DEOPT PACKING pc=0x000001be51719328 sp=0x0000003f555fd6c0
Event: 7.639 Thread 0x000001be61bca000 DEOPT UNPACKING pc=0x000001be49c1912f sp=0x0000003f555fd658 mode 2
Event: 7.641 Thread 0x000001be61bca000 Uncommon trap: trap_request=0xffffffde fr.pc=0x000001be51719328 relative=0x0000000000000188
Event: 7.641 Thread 0x000001be61bca000 Uncommon trap: reason=class_check action=maybe_recompile pc=0x000001be51719328 method=java.lang.String.equals(Ljava/lang/Object;)Z @ 8 c2
Event: 7.641 Thread 0x000001be61bca000 DEOPT PACKING pc=0x000001be51719328 sp=0x0000003f555fd320
Event: 7.641 Thread 0x000001be61bca000 DEOPT UNPACKING pc=0x000001be49c1912f sp=0x0000003f555fd2b8 mode 2

Classes unloaded (0 events):
No events

Classes redefined (0 events):
No events

Internal exceptions (17 events):
Event: 0.121 Thread 0x000001be3fc4a800 Exception <a 'java/lang/NoSuchMethodError'{0x0000000089bb7df8}: 'void java.lang.invoke.DirectMethodHandle$Holder.invokeSpecial(java.lang.Object, java.lang.Object, java.lang.Object, java.lang.Object)'> (0x0000000089bb7df8) 
thrown [./open/src/hotspot/share/interpreter/linkResolver.cpp, line 766]
Event: 0.134 Thread 0x000001be3fc4a800 Exception <a 'sun/nio/fs/WindowsException'{0x0000000089a0a470}> (0x0000000089a0a470) 
thrown [./open/src/hotspot/share/prims/jni.cpp, line 599]
Event: 0.134 Thread 0x000001be3fc4a800 Exception <a 'sun/nio/fs/WindowsException'{0x0000000089a0a8d0}> (0x0000000089a0a8d0) 
thrown [./open/src/hotspot/share/prims/jni.cpp, line 599]
Event: 0.194 Thread 0x000001be3fc4a800 Exception <a 'java/lang/NoSuchMethodError'{0x0000000089a24550}: 'int java.lang.invoke.DirectMethodHandle$Holder.invokeSpecialIFC(java.lang.Object, java.lang.Object, int)'> (0x0000000089a24550) 
thrown [./open/src/hotspot/share/interpreter/linkResolver.cpp, line 766]
Event: 6.367 Thread 0x000001be3fc4a800 Exception <a 'java/lang/NoSuchMethodError'{0x0000000088f988d8}: 'int java.lang.invoke.DirectMethodHandle$Holder.invokeStaticInit(java.lang.Object, java.lang.Object, java.lang.Object)'> (0x0000000088f988d8) 
thrown [./open/src/hotspot/share/interpreter/linkResolver.cpp, line 766]
Event: 6.369 Thread 0x000001be3fc4a800 Exception <a 'java/lang/NoSuchMethodError'{0x0000000088fa37f8}: 'void java.lang.invoke.DirectMethodHandle$Holder.invokeSpecial(java.lang.Object, java.lang.Object)'> (0x0000000088fa37f8) 
thrown [./open/src/hotspot/share/interpreter/linkResolver.cpp, line 766]
Event: 6.394 Thread 0x000001be3fc4a800 Exception <a 'java/lang/NoSuchMethodError'{0x0000000089b4a718}: 'java.lang.Object java.lang.invoke.DirectMethodHandle$Holder.invokeStatic(java.lang.Object, java.lang.Object, int, java.lang.Object)'> (0x0000000089b4a718) 
thrown [./open/src/hotspot/share/interpreter/linkResolver.cpp, line 766]
Event: 6.395 Thread 0x000001be3fc4a800 Exception <a 'java/lang/NoSuchMethodError'{0x0000000089b90d58}: 'java.lang.Object java.lang.invoke.Invokers$Holder.linkToTargetMethod(java.lang.Object, int, java.lang.Object, java.lang.Object)'> (0x0000000089b90d58) 
thrown [./open/src/hotspot/share/interpreter/linkResolver.cpp, line 766]
Event: 6.464 Thread 0x000001be61bca000 Exception <a 'java/lang/NoSuchMethodError'{0x00000000899f3c60}: 'void java.lang.invoke.DirectMethodHandle$Holder.invokeStaticInit(java.lang.Object)'> (0x00000000899f3c60) 
thrown [./open/src/hotspot/share/interpreter/linkResolver.cpp, line 766]
Event: 6.479 Thread 0x000001be3fc4a800 Exception <a 'java/lang/NoSuchMethodError'{0x0000000089b9fe58}: 'java.lang.Object java.lang.invoke.Invokers$Holder.linkToTargetMethod(java.lang.Object, java.lang.Object, java.lang.Object, java.lang.Object, java.lang.Object, java.lang.Object)'> (0x0000000089b9fe58) 
thrown [./open/src/hotspot/share/interpreter/linkResolver.cpp, line 766]
Event: 6.488 Thread 0x000001be61b1e000 Exception <a 'java/lang/NoSuchMethodError'{0x000000008981f2d0}: 'void java.lang.invoke.DirectMethodHandle$Holder.invokeStatic(java.lang.Object, java.lang.Object, java.lang.Object, java.lang.Object)'> (0x000000008981f2d0) 
thrown [./open/src/hotspot/share/interpreter/linkResolver.cpp, line 766]
Event: 6.661 Thread 0x000001be61bca000 Exception <a 'java/lang/NoSuchMethodError'{0x0000000089315ad8}: 'java.lang.Object java.lang.invoke.DirectMethodHandle$Holder.invokeStaticInit(java.lang.Object, java.lang.Object, java.lang.Object, java.lang.Object)'> (0x0000000089315ad8) 
thrown [./open/src/hotspot/share/interpreter/linkResolver.cpp, line 766]
Event: 6.664 Thread 0x000001be61bca000 Exception <a 'java/lang/NullPointerException'{0x0000000089320388}> (0x0000000089320388) 
thrown [./open/src/hotspot/share/interpreter/linkResolver.cpp, line 1348]
Event: 6.672 Thread 0x000001be61bca000 Exception <a 'java/lang/NoSuchMethodError'{0x00000000893447a0}: 'void java.lang.invoke.DirectMethodHandle$Holder.invokeSpecial(java.lang.Object, java.lang.Object, java.lang.Object, java.lang.Object, java.lang.Object)'> (0x00000000893447a0) 
thrown [./open/src/hotspot/share/interpreter/linkResolver.cpp, line 766]
Event: 6.830 Thread 0x000001be61bca000 Exception <a 'java/lang/NoSuchMethodError'{0x0000000089b38d50}: 'void java.lang.invoke.DirectMethodHandle$Holder.invokeStaticInit(java.lang.Object, java.lang.Object)'> (0x0000000089b38d50) 
thrown [./open/src/hotspot/share/interpreter/linkResolver.cpp, line 766]
Event: 6.898 Thread 0x000001be61bca000 Exception <a 'java/lang/NoSuchMethodError'{0x000000008995ed68}: 'java.lang.Object java.lang.invoke.Invokers$Holder.linkToTargetMethod(java.lang.Object, int, java.lang.Object)'> (0x000000008995ed68) 
thrown [./open/src/hotspot/share/interpreter/linkResolver.cpp, line 766]
Event: 7.472 Thread 0x000001be61bca000 Implicit null exception at 0x000001be51709c45 to 0x000001be5170a06c

Events (20 events):
Event: 7.461 loading class java/io/FilePermission$1 done
Event: 7.465 Executing VM operation: HandshakeOneThread
Event: 7.465 Executing VM operation: HandshakeOneThread done
Event: 7.469 loading class sun/util/logging/internal/LoggingProviderImpl$JULWrapper
Event: 7.469 loading class sun/util/logging/internal/LoggingProviderImpl$JULWrapper done
Event: 7.493 Executing VM operation: HandshakeOneThread
Event: 7.493 Executing VM operation: HandshakeOneThread done
Event: 7.512 loading class java/util/PropertyResourceBundle
Event: 7.512 loading class java/util/PropertyResourceBundle done
Event: 7.512 loading class sun/util/PropertyResourceBundleCharset
Event: 7.512 loading class sun/util/PropertyResourceBundleCharset done
Event: 7.512 loading class sun/util/PropertyResourceBundleCharset$PropertiesFileDecoder
Event: 7.513 loading class sun/util/PropertyResourceBundleCharset$PropertiesFileDecoder done
Event: 7.564 loading class java/lang/StrictMath
Event: 7.564 loading class java/lang/StrictMath done
Event: 7.592 loading class jdk/jfr/FlightRecorder
Event: 7.592 loading class jdk/jfr/FlightRecorder done
Event: 7.617 loading class java/io/CharArrayReader
Event: 7.617 loading class java/io/CharArrayReader done
Event: 7.656 Executing VM operation: HandshakeOneThread


Dynamic libraries:
0x00007ff6bf500000 - 0x00007ff6bf50f000 	C:\Program Files\Java\jdk-14.0.2\bin\java.exe
0x00007ffd0dd90000 - 0x00007ffd0df86000 	C:\WINDOWS\SYSTEM32\ntdll.dll
0x00007ffd0d220000 - 0x00007ffd0d2dd000 	C:\WINDOWS\System32\KERNEL32.DLL
0x00007ffd0b6f0000 - 0x00007ffd0b9b8000 	C:\WINDOWS\System32\KERNELBASE.dll
0x00007ffd0b5f0000 - 0x00007ffd0b6f0000 	C:\WINDOWS\System32\ucrtbase.dll
0x00007ffd07c70000 - 0x00007ffd07c88000 	C:\Program Files\Java\jdk-14.0.2\bin\jli.dll
0x00007ffd0c790000 - 0x00007ffd0c83a000 	C:\WINDOWS\System32\ADVAPI32.dll
0x00007ffd0d180000 - 0x00007ffd0d21e000 	C:\WINDOWS\System32\msvcrt.dll
0x00007ffd0c9b0000 - 0x00007ffd0ca4b000 	C:\WINDOWS\System32\sechost.dll
0x00007ffd0c1c0000 - 0x00007ffd0c2e4000 	C:\WINDOWS\System32\RPCRT4.dll
0x00007ffd0cac0000 - 0x00007ffd0cc60000 	C:\WINDOWS\System32\USER32.dll
0x00007ffd0bae0000 - 0x00007ffd0bb02000 	C:\WINDOWS\System32\win32u.dll
0x00007ffd0d150000 - 0x00007ffd0d17a000 	C:\WINDOWS\System32\GDI32.dll
0x00007ffd0b4e0000 - 0x00007ffd0b5e9000 	C:\WINDOWS\System32\gdi32full.dll
0x00007ffd0ba40000 - 0x00007ffd0badd000 	C:\WINDOWS\System32\msvcp_win.dll
0x00007ffd060e0000 - 0x00007ffd060f5000 	C:\Program Files\Java\jdk-14.0.2\bin\VCRUNTIME140.dll
0x00007ffcfbee0000 - 0x00007ffcfc17b000 	C:\WINDOWS\WinSxS\amd64_microsoft.windows.common-controls_6595b64144ccf1df_6.0.19041.488_none_ca04af081b815d21\COMCTL32.dll
0x00007ffd04fd0000 - 0x00007ffd04fda000 	C:\WINDOWS\SYSTEM32\VERSION.dll
0x00007ffd0da20000 - 0x00007ffd0da50000 	C:\WINDOWS\System32\IMM32.DLL
0x00007ffcf9990000 - 0x00007ffcf9a2b000 	C:\Program Files\Java\jdk-14.0.2\bin\msvcp140.dll
0x00007ffcf2ae0000 - 0x00007ffcf35fe000 	C:\Program Files\Java\jdk-14.0.2\bin\server\jvm.dll
0x00007ffd0c450000 - 0x00007ffd0c458000 	C:\WINDOWS\System32\PSAPI.DLL
0x00007ffcff460000 - 0x00007ffcff469000 	C:\WINDOWS\SYSTEM32\WSOCK32.dll
0x00007ffd0ca50000 - 0x00007ffd0cabb000 	C:\WINDOWS\System32\WS2_32.dll
0x00007ffd00a80000 - 0x00007ffd00aa7000 	C:\WINDOWS\SYSTEM32\WINMM.dll
0x00007ffd09e10000 - 0x00007ffd09e22000 	C:\WINDOWS\SYSTEM32\kernel.appcore.dll
0x00007ffd06730000 - 0x00007ffd0673a000 	C:\Program Files\Java\jdk-14.0.2\bin\jimage.dll
0x00007ffd09ad0000 - 0x00007ffd09cb4000 	C:\WINDOWS\SYSTEM32\DBGHELP.DLL
0x00007ffd03d40000 - 0x00007ffd03d6c000 	C:\WINDOWS\SYSTEM32\dbgcore.DLL
0x00007ffd0b9c0000 - 0x00007ffd0ba3f000 	C:\WINDOWS\System32\bcryptPrimitives.dll
0x00007ffd061b0000 - 0x00007ffd061be000 	C:\Program Files\Java\jdk-14.0.2\bin\instrument.dll
0x00007ffd05540000 - 0x00007ffd05565000 	C:\Program Files\Java\jdk-14.0.2\bin\java.dll
0x00007ffd05f90000 - 0x00007ffd05fa6000 	C:\Program Files\Java\jdk-14.0.2\bin\zip.dll
0x00007ffd0d2e0000 - 0x00007ffd0da20000 	C:\WINDOWS\System32\SHELL32.dll
0x00007ffd09260000 - 0x00007ffd099f4000 	C:\WINDOWS\SYSTEM32\windows.storage.dll
0x00007ffd0be00000 - 0x00007ffd0c155000 	C:\WINDOWS\System32\combase.dll
0x00007ffd0af50000 - 0x00007ffd0af7c000 	C:\WINDOWS\SYSTEM32\Wldp.dll
0x00007ffd0c3a0000 - 0x00007ffd0c44e000 	C:\WINDOWS\System32\SHCORE.dll
0x00007ffd0cc60000 - 0x00007ffd0ccb5000 	C:\WINDOWS\System32\shlwapi.dll
0x00007ffd0b410000 - 0x00007ffd0b436000 	C:\WINDOWS\SYSTEM32\profapi.dll
0x00007ffd05770000 - 0x00007ffd05789000 	C:\Program Files\Java\jdk-14.0.2\bin\net.dll
0x00007ffd05930000 - 0x00007ffd05a30000 	C:\WINDOWS\SYSTEM32\WINHTTP.dll
0x00007ffd0acd0000 - 0x00007ffd0ad3a000 	C:\WINDOWS\system32\mswsock.dll
0x00007ffd05430000 - 0x00007ffd05442000 	C:\Program Files\Java\jdk-14.0.2\bin\nio.dll
0x00007ffd05030000 - 0x00007ffd0504a000 	C:\Program Files\JetBrains\IntelliJ IDEA Community Edition 2020.2.3\bin\breakgen64.dll
0x000001be3fb20000 - 0x000001be3fb23000 	C:\Users\Asus\javafx-sdk-15\bin\api-ms-win-core-console-l1-1-0.dll
0x000001be3fd30000 - 0x000001be3fd33000 	C:\Users\Asus\javafx-sdk-15\bin\api-ms-win-core-console-l1-2-0.dll
0x000001be3fd40000 - 0x000001be3fd43000 	C:\Users\Asus\javafx-sdk-15\bin\api-ms-win-core-datetime-l1-1-0.dll
0x000001be62880000 - 0x000001be62883000 	C:\Users\Asus\javafx-sdk-15\bin\api-ms-win-core-debug-l1-1-0.dll
0x000001be62890000 - 0x000001be62893000 	C:\Users\Asus\javafx-sdk-15\bin\api-ms-win-core-errorhandling-l1-1-0.dll
0x000001be628a0000 - 0x000001be628a4000 	C:\Users\Asus\javafx-sdk-15\bin\api-ms-win-core-file-l1-1-0.dll
0x000001be628b0000 - 0x000001be628b3000 	C:\Users\Asus\javafx-sdk-15\bin\api-ms-win-core-file-l1-2-0.dll
0x000001be628c0000 - 0x000001be628c3000 	C:\Users\Asus\javafx-sdk-15\bin\api-ms-win-core-file-l2-1-0.dll
0x000001be628d0000 - 0x000001be628d3000 	C:\Users\Asus\javafx-sdk-15\bin\api-ms-win-core-handle-l1-1-0.dll
0x000001be628e0000 - 0x000001be628e3000 	C:\Users\Asus\javafx-sdk-15\bin\api-ms-win-core-heap-l1-1-0.dll
0x000001be628f0000 - 0x000001be628f3000 	C:\Users\Asus\javafx-sdk-15\bin\api-ms-win-core-interlocked-l1-1-0.dll
0x000001be62900000 - 0x000001be62903000 	C:\Users\Asus\javafx-sdk-15\bin\api-ms-win-core-libraryloader-l1-1-0.dll
0x000001be62910000 - 0x000001be62913000 	C:\Users\Asus\javafx-sdk-15\bin\api-ms-win-core-localization-l1-2-0.dll
0x000001be62920000 - 0x000001be62923000 	C:\Users\Asus\javafx-sdk-15\bin\api-ms-win-core-memory-l1-1-0.dll
0x000001be62930000 - 0x000001be62933000 	C:\Users\Asus\javafx-sdk-15\bin\api-ms-win-core-namedpipe-l1-1-0.dll
0x000001be62940000 - 0x000001be62943000 	C:\Users\Asus\javafx-sdk-15\bin\api-ms-win-core-processenvironment-l1-1-0.dll
0x000001be62950000 - 0x000001be62953000 	C:\Users\Asus\javafx-sdk-15\bin\api-ms-win-core-processthreads-l1-1-0.dll
0x000001be62960000 - 0x000001be62963000 	C:\Users\Asus\javafx-sdk-15\bin\api-ms-win-core-processthreads-l1-1-1.dll
0x000001be62970000 - 0x000001be62973000 	C:\Users\Asus\javafx-sdk-15\bin\api-ms-win-core-profile-l1-1-0.dll
0x000001be62980000 - 0x000001be62983000 	C:\Users\Asus\javafx-sdk-15\bin\api-ms-win-core-rtlsupport-l1-1-0.dll
0x000001be62990000 - 0x000001be62993000 	C:\Users\Asus\javafx-sdk-15\bin\api-ms-win-core-string-l1-1-0.dll
0x000001be629a0000 - 0x000001be629a3000 	C:\Users\Asus\javafx-sdk-15\bin\api-ms-win-core-synch-l1-1-0.dll
0x000001be629b0000 - 0x000001be629b3000 	C:\Users\Asus\javafx-sdk-15\bin\api-ms-win-core-synch-l1-2-0.dll
0x000001be629c0000 - 0x000001be629c3000 	C:\Users\Asus\javafx-sdk-15\bin\api-ms-win-core-sysinfo-l1-1-0.dll
0x000001be629d0000 - 0x000001be629d3000 	C:\Users\Asus\javafx-sdk-15\bin\api-ms-win-core-timezone-l1-1-0.dll
0x000001be629e0000 - 0x000001be629e3000 	C:\Users\Asus\javafx-sdk-15\bin\api-ms-win-core-util-l1-1-0.dll
0x000001be629f0000 - 0x000001be629f3000 	C:\Users\Asus\javafx-sdk-15\bin\api-ms-win-crt-conio-l1-1-0.dll
0x000001be62a00000 - 0x000001be62a04000 	C:\Users\Asus\javafx-sdk-15\bin\api-ms-win-crt-convert-l1-1-0.dll
0x000001be62a10000 - 0x000001be62a13000 	C:\Users\Asus\javafx-sdk-15\bin\api-ms-win-crt-environment-l1-1-0.dll
0x000001be62a20000 - 0x000001be62a23000 	C:\Users\Asus\javafx-sdk-15\bin\api-ms-win-crt-filesystem-l1-1-0.dll
0x000001be62a30000 - 0x000001be62a33000 	C:\Users\Asus\javafx-sdk-15\bin\api-ms-win-crt-heap-l1-1-0.dll
0x000001be62a40000 - 0x000001be62a43000 	C:\Users\Asus\javafx-sdk-15\bin\api-ms-win-crt-locale-l1-1-0.dll
0x000001be62a50000 - 0x000001be62a55000 	C:\Users\Asus\javafx-sdk-15\bin\api-ms-win-crt-math-l1-1-0.dll
0x000001be62a60000 - 0x000001be62a65000 	C:\Users\Asus\javafx-sdk-15\bin\api-ms-win-crt-multibyte-l1-1-0.dll
0x000001be62a70000 - 0x000001be62a80000 	C:\Users\Asus\javafx-sdk-15\bin\api-ms-win-crt-private-l1-1-0.dll
0x000001be62a80000 - 0x000001be62a83000 	C:\Users\Asus\javafx-sdk-15\bin\api-ms-win-crt-process-l1-1-0.dll
0x000001be62a90000 - 0x000001be62a94000 	C:\Users\Asus\javafx-sdk-15\bin\api-ms-win-crt-runtime-l1-1-0.dll
0x000001be62aa0000 - 0x000001be62aa4000 	C:\Users\Asus\javafx-sdk-15\bin\api-ms-win-crt-stdio-l1-1-0.dll
0x000001be62ab0000 - 0x000001be62ab4000 	C:\Users\Asus\javafx-sdk-15\bin\api-ms-win-crt-string-l1-1-0.dll
0x000001be62ac0000 - 0x000001be62ac3000 	C:\Users\Asus\javafx-sdk-15\bin\api-ms-win-crt-time-l1-1-0.dll
0x000001be62ad0000 - 0x000001be62ad3000 	C:\Users\Asus\javafx-sdk-15\bin\api-ms-win-crt-utility-l1-1-0.dll
0x00007ffcf1de0000 - 0x00007ffcf1edc000 	C:\Users\Asus\javafx-sdk-15\bin\ucrtbase.dll
0x00007ffd01fe0000 - 0x00007ffd01ff5000 	C:\Users\Asus\javafx-sdk-15\bin\vcruntime140.dll
0x00007ffd06080000 - 0x00007ffd0608c000 	C:\Windows\System32\vcruntime140_1.dll
0x00007ffcf2540000 - 0x00007ffcf25db000 	C:\Users\Asus\javafx-sdk-15\bin\msvcp140.dll
0x00007ffd009d0000 - 0x00007ffd009f3000 	C:\Users\Asus\javafx-sdk-15\bin\prism_d3d.dll
0x00007ffd02ba0000 - 0x00007ffd02d6e000 	C:\WINDOWS\system32\d3d9.dll
0x00007ffd08ea0000 - 0x00007ffd08ecf000 	C:\WINDOWS\SYSTEM32\dwmapi.dll
0x00007ffd089e0000 - 0x00007ffd08a7f000 	C:\WINDOWS\system32\uxtheme.dll
0x00007ffce9880000 - 0x00007ffce99e1000 	C:\WINDOWS\System32\DriverStore\FileRepository\igdlh64.inf_amd64_baab50003164cdd5\igdumdim64.dll
0x00007ffc8b490000 - 0x00007ffc8edb2000 	C:\WINDOWS\System32\DriverStore\FileRepository\igdlh64.inf_amd64_baab50003164cdd5\igd9dxva64.dll
0x00007ffd0dc10000 - 0x00007ffd0dd3a000 	C:\WINDOWS\System32\ole32.dll
0x00007ffd0c840000 - 0x00007ffd0c90d000 	C:\WINDOWS\System32\OLEAUT32.dll
0x00007ffd0cce0000 - 0x00007ffd0d147000 	C:\WINDOWS\System32\SETUPAPI.dll
0x00007ffd0bb10000 - 0x00007ffd0bb5e000 	C:\WINDOWS\System32\cfgmgr32.dll
0x00007ffd0bd20000 - 0x00007ffd0bd47000 	C:\WINDOWS\System32\bcrypt.dll
0x00007ffccba60000 - 0x00007ffccbc07000 	C:\WINDOWS\System32\DriverStore\FileRepository\igdlh64.inf_amd64_baab50003164cdd5\igdgmm64.dll
0x00007ffcf96f0000 - 0x00007ffcf9735000 	C:\Users\Asus\javafx-sdk-15\bin\glass.dll
0x00007ffd0dad0000 - 0x00007ffd0dbaa000 	C:\WINDOWS\System32\COMDLG32.dll
0x00007ffd0c670000 - 0x00007ffd0c785000 	C:\WINDOWS\System32\MSCTF.dll
0x00007ffcfc6b0000 - 0x00007ffcfc6d8000 	C:\WINDOWS\System32\DriverStore\FileRepository\igdlh64.inf_amd64_baab50003164cdd5\igdinfo64.dll
0x00007ffc91630000 - 0x00007ffc93f1a000 	C:\WINDOWS\System32\DriverStore\FileRepository\igdlh64.inf_amd64_baab50003164cdd5\igc64.dll
0x00007ffd03c00000 - 0x00007ffd03c3b000 	C:\WINDOWS\SYSTEM32\dxcore.dll
0x00007ffd00440000 - 0x00007ffd00454000 	C:\Users\Asus\javafx-sdk-15\bin\javafx_font.dll
0x00007ffcf4020000 - 0x00007ffcf429f000 	C:\WINDOWS\SYSTEM32\dwrite.dll
0x00007ffcff980000 - 0x00007ffcff9ac000 	C:\Users\Asus\javafx-sdk-15\bin\javafx_iio.dll
0x00007ffd0c2f0000 - 0x00007ffd0c399000 	C:\WINDOWS\System32\clbcatq.dll
0x00007ffcf6200000 - 0x00007ffcf63b4000 	C:\WINDOWS\SYSTEM32\WindowsCodecs.dll
0x00007ffce95b0000 - 0x00007ffce95ee000 	C:\WINDOWS\system32\dataexchange.dll
0x00007ffd079e0000 - 0x00007ffd07bc5000 	C:\WINDOWS\system32\dcomp.dll
0x00007ffd06a70000 - 0x00007ffd06cd4000 	C:\WINDOWS\system32\d3d11.dll
0x00007ffd09e30000 - 0x00007ffd09f23000 	C:\WINDOWS\system32\dxgi.dll
0x00007ffd04010000 - 0x00007ffd04218000 	C:\WINDOWS\system32\twinapi.appcore.dll
0x00007ffcf2400000 - 0x00007ffcf2434000 	C:\Program Files\Common Files\Microsoft Shared\Ink\rtscom.dll
0x00007ffcf5fb0000 - 0x00007ffcf60ac000 	C:\WINDOWS\SYSTEM32\textinputframework.dll
0x00007ffd082b0000 - 0x00007ffd083a2000 	C:\WINDOWS\System32\CoreMessaging.dll
0x00007ffd07f50000 - 0x00007ffd082ae000 	C:\WINDOWS\System32\CoreUIComponents.dll
0x00007ffd0a220000 - 0x00007ffd0a253000 	C:\WINDOWS\SYSTEM32\ntmarta.dll
0x00007ffd077d0000 - 0x00007ffd07926000 	C:\WINDOWS\SYSTEM32\wintypes.dll

dbghelp: loaded successfully - version: 4.0.5 - missing functions: none
symbol engine: initialized successfully - sym options: 0x614 - pdb path: .;C:\Program Files\Java\jdk-14.0.2\bin;C:\WINDOWS\SYSTEM32;C:\WINDOWS\WinSxS\amd64_microsoft.windows.common-controls_6595b64144ccf1df_6.0.19041.488_none_ca04af081b815d21;C:\Program Files\Java\jdk-14.0.2\bin\server;C:\Program Files\JetBrains\IntelliJ IDEA Community Edition 2020.2.3\bin;C:\Users\Asus\javafx-sdk-15\bin;C:\WINDOWS\System32\DriverStore\FileRepository\igdlh64.inf_amd64_baab50003164cdd5;C:\Program Files\Common Files\Microsoft Shared\Ink

VM Arguments:
jvm_args: --module-path=C:\Users\Asus\javafx-sdk-15\lib --add-modules=javafx.controls,javafx.fxml --add-modules=javafx.base,javafx.graphics --add-reads=javafx.base=ALL-UNNAMED --add-reads=javafx.graphics=ALL-UNNAMED -javaagent:C:\Program Files\JetBrains\IntelliJ IDEA Community Edition 2020.2.3\lib\idea_rt.jar=64755:C:\Program Files\JetBrains\IntelliJ IDEA Community Edition 2020.2.3\bin -Dfile.encoding=UTF-8 
java_command: sample.sample.Main
java_class_path (initial): C:\Users\Asus\IdeaProjects\untitled3\out\production\untitled3;C:\Users\Asus\javafx-sdk-15\lib\src.zip;C:\Users\Asus\javafx-sdk-15\lib\javafx-swt.jar;C:\Users\Asus\javafx-sdk-15\lib\javafx.web.jar;C:\Users\Asus\javafx-sdk-15\lib\javafx.base.jar;C:\Users\Asus\javafx-sdk-15\lib\javafx.fxml.jar;C:\Users\Asus\javafx-sdk-15\lib\javafx.media.jar;C:\Users\Asus\javafx-sdk-15\lib\javafx.swing.jar;C:\Users\Asus\javafx-sdk-15\lib\javafx.controls.jar;C:\Users\Asus\javafx-sdk-15\lib\javafx.graphics.jar
Launcher Type: SUN_STANDARD

[Global flags]
     intx CICompilerCount                          = 3                                         {product} {ergonomic}
     uint ConcGCThreads                            = 1                                         {product} {ergonomic}
     uint G1ConcRefinementThreads                  = 4                                         {product} {ergonomic}
   size_t G1HeapRegionSize                         = 1048576                                   {product} {ergonomic}
    uintx GCDrainStackTargetSize                   = 64                                        {product} {ergonomic}
   size_t InitialHeapSize                          = 134217728                                 {product} {ergonomic}
   size_t MarkStackSize                            = 4194304                                   {product} {ergonomic}
   size_t MaxHeapSize                              = 2118123520                                {product} {ergonomic}
   size_t MaxNewSize                               = 1270874112                                {product} {ergonomic}
   size_t MinHeapDeltaBytes                        = 1048576                                   {product} {ergonomic}
   size_t MinHeapSize                              = 8388608                                   {product} {ergonomic}
    uintx NonNMethodCodeHeapSize                   = 5832780                                {pd product} {ergonomic}
    uintx NonProfiledCodeHeapSize                  = 122912730                              {pd product} {ergonomic}
    uintx ProfiledCodeHeapSize                     = 122912730                              {pd product} {ergonomic}
    uintx ReservedCodeCacheSize                    = 251658240                              {pd product} {ergonomic}
     bool SegmentedCodeCache                       = true                                      {product} {ergonomic}
   size_t SoftMaxHeapSize                          = 2118123520                             {manageable} {ergonomic}
     bool UseCompressedClassPointers               = true                                 {lp64_product} {ergonomic}
     bool UseCompressedOops                        = true                                 {lp64_product} {ergonomic}
     bool UseG1GC                                  = true                                      {product} {ergonomic}
     bool UseLargePagesIndividualAllocation        = false                                  {pd product} {ergonomic}

Logging:
Log output configuration:
 #0: stdout all=warning uptime,level,tags
 #1: stderr all=off uptime,level,tags

Environment Variables:
JAVA_HOME=C:\Program Files\Java\jdk-11.0.6
PATH=C:\Program Files (x86)\Intel\iCLS Client\;C:\Program Files\Intel\iCLS Client\;C:\Windows\system32;C:\Windows;C:\Windows\System32\Wbem;C:\Windows\System32\WindowsPowerShell\v1.0\;C:\Windows\System32\OpenSSH\;C:\Program Files (x86)\NVIDIA Corporation\PhysX\Common;C:\Program Files (x86)\Intel\Intel(R) Management Engine Components\DAL;C:\Program Files\Intel\Intel(R) Management Engine Components\DAL;C:\Program Files (x86)\Intel\Intel(R) Management Engine Components\IPT;C:\Program Files\Intel\Intel(R) Management Engine Components\IPT;C:\WINDOWS\system32;C:\WINDOWS;C:\WINDOWS\System32\Wbem;C:\WINDOWS\System32\WindowsPowerShell\v1.0\;C:\WINDOWS\System32\OpenSSH\;C:\FPC\3.0.2\bin\i386-Win32;C:\Program Files\dotnet\;C:\Program Files\Microsoft SQL Server\130\Tools\Binn\;C:\Program Files\Microsoft SQL Server\Client SDK\ODBC\170\Tools\Binn\;C:\Program Files\Java\jdk-11.0.6\bin;C:\Program Files\Git\cmd;C:\Program Files\MSC.Software\Adams Student Edition\2020_1\bin;C:\Users\Asus\AppData\Local\Microsoft\WindowsApps;;C:\Program Files\JetBrains\IntelliJ IDEA 2019.3.3\bin;;C:\Program Files\JetBrains\IntelliJ IDEA Community Edition 2020.2.3\bin;
USERNAME=Asus
OS=Windows_NT
PROCESSOR_IDENTIFIER=Intel64 Family 6 Model 142 Stepping 10, GenuineIntel



---------------  S Y S T E M  ---------------

OS: Windows 10 , 64 bit Build 19041 (10.0.19041.546)
OS uptime: 28 days 5:14 hours

CPU:total 4 (initial active 4) (2 cores per cpu, 2 threads per core) family 6 model 142 stepping 10, cmov, cx8, fxsr, mmx, sse, sse2, sse3, ssse3, sse4.1, sse4.2, popcnt, avx, avx2, aes, clmul, erms, 3dnowpref, lzcnt, ht, tsc, tscinvbit, bmi1, bmi2, adx, fma

Memory: 4k page, system-wide physical 8078M (813M free)
TotalPageFile size 32654M (AvailPageFile size 50M)
current process WorkingSet (physical memory assigned to process): 186M, peak: 186M
current process commit charge ("private bytes"): 293M, peak: 294M

vm_info: Java HotSpot(TM) 64-Bit Server VM (14.0.2+12-46) for windows-amd64 JRE (14.0.2+12-46), built on Jul  9 2020 00:35:52 by "mach5one" with MS VC++ 15.9 (VS2017)

END.
