#
# There is insufficient memory for the Java Runtime Environment to continue.
# Native memory allocation (mmap) failed to map 134217728 bytes for Failed to commit area from 0x0000000081c00000 to 0x0000000089c00000 of length 134217728.
# Possible reasons:
#   The system is out of physical RAM or swap space
#   The process is running with CompressedOops enabled, and the Java Heap may be blocking the growth of the native heap
# Possible solutions:
#   Reduce memory load on the system
#   Increase physical memory or swap space
#   Check if swap backing store is full
#   Decrease Java heap size (-Xmx/-Xms)
#   Decrease number of Java threads
#   Decrease Java thread stack sizes (-Xss)
#   Set larger code cache with -XX:ReservedCodeCacheSize=
#   JVM is running with Unscaled Compressed Oops mode in which the Java heap is
#     placed in the first 4GB address space. The Java Heap base address is the
#     maximum limit for the native heap growth. Please use -XX:HeapBaseMinAddress
#     to set the Java Heap base and to place the Java Heap above 4GB virtual address.
# This output file may be truncated or incomplete.
#
#  Out of Memory Error (./open/src/hotspot/os/windows/os_windows.cpp:3315), pid=20144, tid=2172
#
# JRE version:  (14.0.2+12) (build )
# Java VM: Java HotSpot(TM) 64-Bit Server VM (14.0.2+12-46, mixed mode, sharing, tiered, compressed oops, g1 gc, windows-amd64)
# No core dump will be written. Minidumps are not enabled by default on client versions of Windows
#

---------------  S U M M A R Y ------------

Command Line: --module-path=C:\Users\Asus\javafx-sdk-15\lib --add-modules=javafx.controls,javafx.fxml --add-modules=javafx.base,javafx.graphics --add-reads=javafx.base=ALL-UNNAMED --add-reads=javafx.graphics=ALL-UNNAMED -javaagent:C:\Program Files\JetBrains\IntelliJ IDEA Community Edition 2020.2.3\lib\idea_rt.jar=60418:C:\Program Files\JetBrains\IntelliJ IDEA Community Edition 2020.2.3\bin -Dfile.encoding=UTF-8 sample.sample.Main

Host: Intel(R) Core(TM) i3-8130U CPU @ 2.20GHz, 4 cores, 7G,  Windows 10 , 64 bit Build 19041 (10.0.19041.546)
Time: Thu Dec  3 13:33:00 2020 RTZ 2 (зима) elapsed time: 0 seconds (0d 0h 0m 0s)

---------------  T H R E A D  ---------------

Current thread (0x000002207c0db800):  JavaThread "Unknown thread" [_thread_in_vm, id=2172, stack(0x000000653d900000,0x000000653da00000)]

Stack: [0x000000653d900000,0x000000653da00000]
Native frames: (J=compiled Java code, j=interpreted, Vv=VM code, C=native code)
V  [jvm.dll+0x5f8a9a]
V  [jvm.dll+0x74247a]
V  [jvm.dll+0x743c2f]
V  [jvm.dll+0x744273]
V  [jvm.dll+0x20d288]
V  [jvm.dll+0x5f5dea]
V  [jvm.dll+0x5eac45]
V  [jvm.dll+0x2c7e9c]
V  [jvm.dll+0x2c7cd2]
V  [jvm.dll+0x2cdbbc]
V  [jvm.dll+0x313fe8]
V  [jvm.dll+0x313710]
V  [jvm.dll+0x2a092a]
V  [jvm.dll+0x2a1a79]
V  [jvm.dll+0x71fd48]
V  [jvm.dll+0x321c14]
V  [jvm.dll+0x70112c]
V  [jvm.dll+0x392def]
V  [jvm.dll+0x394e61]
C  [jli.dll+0x524b]
C  [ucrtbase.dll+0x214c2]
C  [KERNEL32.DLL+0x17034]
C  [ntdll.dll+0x4cec1]


---------------  P R O C E S S  ---------------

Threads class SMR info:
_java_thread_list=0x00007ffcc6613038, length=0, elements={
}

Java Threads: ( => current thread )

Other Threads:
  0x000002207c120000 GCTaskThread "GC Thread#0" [stack: 0x000000653da00000,0x000000653db00000] [id=22584]
  0x000002207c131800 ConcurrentGCThread "G1 Main Marker" [stack: 0x000000653db00000,0x000000653dc00000] [id=19760]
  0x000002207c134800 ConcurrentGCThread "G1 Conc#0" [stack: 0x000000653dc00000,0x000000653dd00000] [id=22180]

[error occurred during error reporting (printing all threads), id 0xc0000005, EXCEPTION_ACCESS_VIOLATION (0xc0000005) at pc=0x00007ffcc5e41257]

VM state:not at safepoint (not fully initialized)

VM Mutex/Monitor currently owned by a thread:  ([mutex/lock_event])
[0x000002207c0d69a0] Heap_lock - owner thread: 0x000002207c0db800

Heap address: 0x0000000081c00000, size: 2020 MB, Compressed Oops mode: 32-bit
Narrow klass base: 0x0000000000000000, Narrow klass shift: 0

GC Heap History (0 events):
No events

Deoptimization events (0 events):
No events

Classes unloaded (0 events):
No events

Classes redefined (0 events):
No events

Internal exceptions (0 events):
No events

Events (2 events):
Event: 0.020 Loaded shared library C:\Program Files\Java\jdk-14.0.2\bin\java.dll
Event: 0.020 Loaded shared library C:\Program Files\Java\jdk-14.0.2\bin\zip.dll


Dynamic libraries:
0x00007ff6bf500000 - 0x00007ff6bf50f000 	C:\Program Files\Java\jdk-14.0.2\bin\java.exe
0x00007ffd0dd90000 - 0x00007ffd0df86000 	C:\WINDOWS\SYSTEM32\ntdll.dll
0x00007ffd0d220000 - 0x00007ffd0d2dd000 	C:\WINDOWS\System32\KERNEL32.DLL
0x00007ffd0b6f0000 - 0x00007ffd0b9b8000 	C:\WINDOWS\System32\KERNELBASE.dll
0x00007ffd009e0000 - 0x00007ffd009f8000 	C:\Program Files\Java\jdk-14.0.2\bin\jli.dll
0x00007ffd0c790000 - 0x00007ffd0c83a000 	C:\WINDOWS\System32\ADVAPI32.dll
0x00007ffd0d180000 - 0x00007ffd0d21e000 	C:\WINDOWS\System32\msvcrt.dll
0x00007ffd0c9b0000 - 0x00007ffd0ca4b000 	C:\WINDOWS\System32\sechost.dll
0x00007ffd0c1c0000 - 0x00007ffd0c2e4000 	C:\WINDOWS\System32\RPCRT4.dll
0x00007ffd0cac0000 - 0x00007ffd0cc60000 	C:\WINDOWS\System32\USER32.dll
0x00007ffd0bae0000 - 0x00007ffd0bb02000 	C:\WINDOWS\System32\win32u.dll
0x00007ffd0d150000 - 0x00007ffd0d17a000 	C:\WINDOWS\System32\GDI32.dll
0x00007ffd0b4e0000 - 0x00007ffd0b5e9000 	C:\WINDOWS\System32\gdi32full.dll
0x00007ffd0ba40000 - 0x00007ffd0badd000 	C:\WINDOWS\System32\msvcp_win.dll
0x00007ffd0b5f0000 - 0x00007ffd0b6f0000 	C:\WINDOWS\System32\ucrtbase.dll
0x00007ffd009c0000 - 0x00007ffd009d5000 	C:\Program Files\Java\jdk-14.0.2\bin\VCRUNTIME140.dll
0x00007ffcfbee0000 - 0x00007ffcfc17b000 	C:\WINDOWS\WinSxS\amd64_microsoft.windows.common-controls_6595b64144ccf1df_6.0.19041.488_none_ca04af081b815d21\COMCTL32.dll
0x00007ffd04fd0000 - 0x00007ffd04fda000 	C:\WINDOWS\SYSTEM32\VERSION.dll
0x00007ffd0da20000 - 0x00007ffd0da50000 	C:\WINDOWS\System32\IMM32.DLL
0x00007ffcf7d70000 - 0x00007ffcf7e0b000 	C:\Program Files\Java\jdk-14.0.2\bin\msvcp140.dll
0x00007ffcc5b90000 - 0x00007ffcc66ae000 	C:\Program Files\Java\jdk-14.0.2\bin\server\jvm.dll
0x00007ffd0c450000 - 0x00007ffd0c458000 	C:\WINDOWS\System32\PSAPI.DLL
0x00007ffd00a80000 - 0x00007ffd00aa7000 	C:\WINDOWS\SYSTEM32\WINMM.dll
0x00007ffcff460000 - 0x00007ffcff469000 	C:\WINDOWS\SYSTEM32\WSOCK32.dll
0x00007ffd0ca50000 - 0x00007ffd0cabb000 	C:\WINDOWS\System32\WS2_32.dll
0x00007ffd09e10000 - 0x00007ffd09e22000 	C:\WINDOWS\SYSTEM32\kernel.appcore.dll
0x00007ffd060e0000 - 0x00007ffd060ea000 	C:\Program Files\Java\jdk-14.0.2\bin\jimage.dll
0x00007ffd09ad0000 - 0x00007ffd09cb4000 	C:\WINDOWS\SYSTEM32\DBGHELP.DLL
0x00007ffd03d40000 - 0x00007ffd03d6c000 	C:\WINDOWS\SYSTEM32\dbgcore.DLL
0x00007ffd0b9c0000 - 0x00007ffd0ba3f000 	C:\WINDOWS\System32\bcryptPrimitives.dll
0x00007ffd05670000 - 0x00007ffd0567e000 	C:\Program Files\Java\jdk-14.0.2\bin\instrument.dll
0x00007ffd00430000 - 0x00007ffd00455000 	C:\Program Files\Java\jdk-14.0.2\bin\java.dll
0x00007ffcffb10000 - 0x00007ffcffb26000 	C:\Program Files\Java\jdk-14.0.2\bin\zip.dll

dbghelp: loaded successfully - version: 4.0.5 - missing functions: none
symbol engine: initialized successfully - sym options: 0x614 - pdb path: .;C:\Program Files\Java\jdk-14.0.2\bin;C:\WINDOWS\SYSTEM32;C:\WINDOWS\WinSxS\amd64_microsoft.windows.common-controls_6595b64144ccf1df_6.0.19041.488_none_ca04af081b815d21;C:\Program Files\Java\jdk-14.0.2\bin\server

VM Arguments:
jvm_args: --module-path=C:\Users\Asus\javafx-sdk-15\lib --add-modules=javafx.controls,javafx.fxml --add-modules=javafx.base,javafx.graphics --add-reads=javafx.base=ALL-UNNAMED --add-reads=javafx.graphics=ALL-UNNAMED -javaagent:C:\Program Files\JetBrains\IntelliJ IDEA Community Edition 2020.2.3\lib\idea_rt.jar=60418:C:\Program Files\JetBrains\IntelliJ IDEA Community Edition 2020.2.3\bin -Dfile.encoding=UTF-8 
java_command: sample.sample.Main
java_class_path (initial): C:\Users\Asus\IdeaProjects\untitled3\out\production\untitled3;C:\Users\Asus\javafx-sdk-15\lib\src.zip;C:\Users\Asus\javafx-sdk-15\lib\javafx-swt.jar;C:\Users\Asus\javafx-sdk-15\lib\javafx.web.jar;C:\Users\Asus\javafx-sdk-15\lib\javafx.base.jar;C:\Users\Asus\javafx-sdk-15\lib\javafx.fxml.jar;C:\Users\Asus\javafx-sdk-15\lib\javafx.media.jar;C:\Users\Asus\javafx-sdk-15\lib\javafx.swing.jar;C:\Users\Asus\javafx-sdk-15\lib\javafx.controls.jar;C:\Users\Asus\javafx-sdk-15\lib\javafx.graphics.jar
Launcher Type: SUN_STANDARD

[Global flags]
     intx CICompilerCount                          = 3                                         {product} {ergonomic}
     uint ConcGCThreads                            = 1                                         {product} {ergonomic}
     uint G1ConcRefinementThreads                  = 4                                         {product} {ergonomic}
   size_t G1HeapRegionSize                         = 1048576                                   {product} {ergonomic}
    uintx GCDrainStackTargetSize                   = 64                                        {product} {ergonomic}
   size_t InitialHeapSize                          = 134217728                                 {product} {ergonomic}
   size_t MarkStackSize                            = 4194304                                   {product} {ergonomic}
   size_t MaxHeapSize                              = 2118123520                                {product} {ergonomic}
   size_t MinHeapDeltaBytes                        = 1048576                                   {product} {ergonomic}
   size_t MinHeapSize                              = 8388608                                   {product} {ergonomic}
    uintx NonNMethodCodeHeapSize                   = 5832780                                {pd product} {ergonomic}
    uintx NonProfiledCodeHeapSize                  = 122912730                              {pd product} {ergonomic}
    uintx ProfiledCodeHeapSize                     = 122912730                              {pd product} {ergonomic}
    uintx ReservedCodeCacheSize                    = 251658240                              {pd product} {ergonomic}
     bool SegmentedCodeCache                       = true                                      {product} {ergonomic}
   size_t SoftMaxHeapSize                          = 2118123520                             {manageable} {ergonomic}
     bool UseCompressedClassPointers               = true                                 {lp64_product} {ergonomic}
     bool UseCompressedOops                        = true                                 {lp64_product} {ergonomic}
     bool UseG1GC                                  = true                                      {product} {ergonomic}
     bool UseLargePagesIndividualAllocation        = false                                  {pd product} {ergonomic}

Logging:
Log output configuration:
 #0: stdout all=warning uptime,level,tags
 #1: stderr all=off uptime,level,tags

Environment Variables:
JAVA_HOME=C:\Program Files\Java\jdk-11.0.6
PATH=C:\Program Files (x86)\Intel\iCLS Client\;C:\Program Files\Intel\iCLS Client\;C:\Windows\system32;C:\Windows;C:\Windows\System32\Wbem;C:\Windows\System32\WindowsPowerShell\v1.0\;C:\Windows\System32\OpenSSH\;C:\Program Files (x86)\NVIDIA Corporation\PhysX\Common;C:\Program Files (x86)\Intel\Intel(R) Management Engine Components\DAL;C:\Program Files\Intel\Intel(R) Management Engine Components\DAL;C:\Program Files (x86)\Intel\Intel(R) Management Engine Components\IPT;C:\Program Files\Intel\Intel(R) Management Engine Components\IPT;C:\WINDOWS\system32;C:\WINDOWS;C:\WINDOWS\System32\Wbem;C:\WINDOWS\System32\WindowsPowerShell\v1.0\;C:\WINDOWS\System32\OpenSSH\;C:\FPC\3.0.2\bin\i386-Win32;C:\Program Files\dotnet\;C:\Program Files\Microsoft SQL Server\130\Tools\Binn\;C:\Program Files\Microsoft SQL Server\Client SDK\ODBC\170\Tools\Binn\;C:\Program Files\Java\jdk-11.0.6\bin;C:\Program Files\Git\cmd;C:\Program Files\MSC.Software\Adams Student Edition\2020_1\bin;C:\Users\Asus\AppData\Local\Microsoft\WindowsApps;;C:\Program Files\JetBrains\IntelliJ IDEA 2019.3.3\bin;;C:\Program Files\JetBrains\IntelliJ IDEA Community Edition 2020.2.3\bin;
USERNAME=Asus
OS=Windows_NT
PROCESSOR_IDENTIFIER=Intel64 Family 6 Model 142 Stepping 10, GenuineIntel



---------------  S Y S T E M  ---------------

OS: Windows 10 , 64 bit Build 19041 (10.0.19041.546)
OS uptime: 28 days 2:30 hours

CPU:total 4 (initial active 4) (2 cores per cpu, 2 threads per core) family 6 model 142 stepping 10, cmov, cx8, fxsr, mmx, sse, sse2, sse3, ssse3, sse4.1, sse4.2, popcnt, avx, avx2, aes, clmul, erms, 3dnowpref, lzcnt, ht, tsc, tscinvbit, bmi1, bmi2, adx, fma

Memory: 4k page, system-wide physical 8078M (783M free)
TotalPageFile size 32654M (AvailPageFile size 110M)
current process WorkingSet (physical memory assigned to process): 10M, peak: 10M
current process commit charge ("private bytes"): 51M, peak: 179M

vm_info: Java HotSpot(TM) 64-Bit Server VM (14.0.2+12-46) for windows-amd64 JRE (14.0.2+12-46), built on Jul  9 2020 00:35:52 by "mach5one" with MS VC++ 15.9 (VS2017)

END.
