#
# There is insufficient memory for the Java Runtime Environment to continue.
# Native memory allocation (malloc) failed to allocate 32744 bytes for ChunkPool::allocate
# Possible reasons:
#   The system is out of physical RAM or swap space
#   The process is running with CompressedOops enabled, and the Java Heap may be blocking the growth of the native heap
# Possible solutions:
#   Reduce memory load on the system
#   Increase physical memory or swap space
#   Check if swap backing store is full
#   Decrease Java heap size (-Xmx/-Xms)
#   Decrease number of Java threads
#   Decrease Java thread stack sizes (-Xss)
#   Set larger code cache with -XX:ReservedCodeCacheSize=
#   JVM is running with Unscaled Compressed Oops mode in which the Java heap is
#     placed in the first 4GB address space. The Java Heap base address is the
#     maximum limit for the native heap growth. Please use -XX:HeapBaseMinAddress
#     to set the Java Heap base and to place the Java Heap above 4GB virtual address.
# This output file may be truncated or incomplete.
#
#  Out of Memory Error (./open/src/hotspot/share/memory/arena.cpp:79), pid=3936, tid=20000
#
# JRE version: Java(TM) SE Runtime Environment (14.0.2+12) (build 14.0.2+12-46)
# Java VM: Java HotSpot(TM) 64-Bit Server VM (14.0.2+12-46, mixed mode, sharing, tiered, compressed oops, g1 gc, windows-amd64)
# No core dump will be written. Minidumps are not enabled by default on client versions of Windows
#

---------------  S U M M A R Y ------------

Command Line: --module-path=C:\Users\Asus\javafx-sdk-15\lib --add-modules=javafx.controls,javafx.fxml --add-modules=javafx.base,javafx.graphics --add-reads=javafx.base=ALL-UNNAMED --add-reads=javafx.graphics=ALL-UNNAMED -javaagent:C:\Program Files\JetBrains\IntelliJ IDEA Community Edition 2020.2.3\lib\idea_rt.jar=51750:C:\Program Files\JetBrains\IntelliJ IDEA Community Edition 2020.2.3\bin -Dfile.encoding=UTF-8 sample.sample.Main

Host: Intel(R) Core(TM) i3-8130U CPU @ 2.20GHz, 4 cores, 7G,  Windows 10 , 64 bit Build 19041 (10.0.19041.546)
Time: Thu Dec  3 01:43:42 2020 RTZ 2 (зима) elapsed time: 0 seconds (0d 0h 0m 0s)

---------------  T H R E A D  ---------------

Current thread (0x0000022126322000):  JavaThread "C2 CompilerThread0" daemon [_thread_in_native, id=20000, stack(0x0000004bb5600000,0x0000004bb5700000)]


Current CompileTask:
C2:    224  251       4       java.lang.StringLatin1::replace (198 bytes)

Stack: [0x0000004bb5600000,0x0000004bb5700000]
Native frames: (J=compiled Java code, j=interpreted, Vv=VM code, C=native code)
V  [jvm.dll+0x5f8a9a]
V  [jvm.dll+0x74247a]
V  [jvm.dll+0x743c2f]
V  [jvm.dll+0x744273]
V  [jvm.dll+0x20d288]
V  [jvm.dll+0xabea6]
V  [jvm.dll+0xabc7d]
V  [jvm.dll+0x5dab6d]
V  [jvm.dll+0x646881]
V  [jvm.dll+0x18cb47]
V  [jvm.dll+0x1e5efa]
V  [jvm.dll+0x1e50b8]
V  [jvm.dll+0x1779cc]
V  [jvm.dll+0x1f4105]
V  [jvm.dll+0x1f22eb]
V  [jvm.dll+0x7070cd]
V  [jvm.dll+0x6ffeda]
V  [jvm.dll+0x5f78f6]
C  [ucrtbase.dll+0x214c2]
C  [KERNEL32.DLL+0x17034]
C  [ntdll.dll+0x4cec1]


---------------  P R O C E S S  ---------------

Threads class SMR info:
_java_thread_list=0x0000022126d93d70, length=11, elements={
0x0000022105c2a800, 0x00000221262fc800, 0x00000221262fe800, 0x000002212631b800,
0x000002212631f800, 0x0000022126320800, 0x0000022126322000, 0x000002212632c000,
0x0000022126cb3800, 0x00000221262e1000, 0x0000022126df4800
}

Java Threads: ( => current thread )
  0x0000022105c2a800 JavaThread "main" [_thread_in_Java, id=11656, stack(0x0000004bb4a00000,0x0000004bb4b00000)]
  0x00000221262fc800 JavaThread "Reference Handler" daemon [_thread_blocked, id=25180, stack(0x0000004bb5100000,0x0000004bb5200000)]
  0x00000221262fe800 JavaThread "Finalizer" daemon [_thread_blocked, id=15708, stack(0x0000004bb5200000,0x0000004bb5300000)]
  0x000002212631b800 JavaThread "Signal Dispatcher" daemon [_thread_blocked, id=648, stack(0x0000004bb5300000,0x0000004bb5400000)]
  0x000002212631f800 JavaThread "Attach Listener" daemon [_thread_blocked, id=3932, stack(0x0000004bb5400000,0x0000004bb5500000)]
  0x0000022126320800 JavaThread "Service Thread" daemon [_thread_blocked, id=26420, stack(0x0000004bb5500000,0x0000004bb5600000)]
=>0x0000022126322000 JavaThread "C2 CompilerThread0" daemon [_thread_in_native, id=20000, stack(0x0000004bb5600000,0x0000004bb5700000)]
  0x000002212632c000 JavaThread "C1 CompilerThread0" daemon [_thread_blocked, id=11624, stack(0x0000004bb5700000,0x0000004bb5800000)]
  0x0000022126cb3800 JavaThread "Sweeper thread" daemon [_thread_blocked, id=3948, stack(0x0000004bb5800000,0x0000004bb5900000)]
  0x00000221262e1000 JavaThread "Common-Cleaner" daemon [_thread_blocked, id=24796, stack(0x0000004bb5900000,0x0000004bb5a00000)]
  0x0000022126df4800 JavaThread "C2 CompilerThread1" daemon [_thread_in_native, id=22140, stack(0x0000004bb5a00000,0x0000004bb5b00000)]

Other Threads:
  0x00000221262fa000 VMThread "VM Thread" [stack: 0x0000004bb5000000,0x0000004bb5100000] [id=12232]
  0x0000022105c6f000 GCTaskThread "GC Thread#0" [stack: 0x0000004bb4b00000,0x0000004bb4c00000] [id=18800]
  0x0000022105c80000 ConcurrentGCThread "G1 Main Marker" [stack: 0x0000004bb4c00000,0x0000004bb4d00000] [id=8592]
  0x0000022105c81800 ConcurrentGCThread "G1 Conc#0" [stack: 0x0000004bb4d00000,0x0000004bb4e00000] [id=13932]
  0x0000022105d0c800 ConcurrentGCThread "G1 Refine#0" [stack: 0x0000004bb4e00000,0x0000004bb4f00000] [id=22692]
  0x0000022126170800 ConcurrentGCThread "G1 Young RemSet Sampling" [stack: 0x0000004bb4f00000,0x0000004bb5000000] [id=13952]

Threads with active compile tasks:
C2 CompilerThread0      256  251       4       java.lang.StringLatin1::replace (198 bytes)
C2 CompilerThread1      256  284       4       java.lang.StringLatin1::lastIndexOf (125 bytes)

VM state:not at safepoint (normal execution)

VM Mutex/Monitor currently owned by a thread:  ([mutex/lock_event])
[0x0000022105c24eb0] CodeCache_lock - owner thread: 0x0000000000000000
[0x0000022105c27540] MethodCompileQueue_lock - owner thread: 0x0000000000000000

Heap address: 0x0000000081c00000, size: 2020 MB, Compressed Oops mode: 32-bit
Narrow klass base: 0x0000000800000000, Narrow klass shift: 3
Compressed class space size: 1073741824 Address: 0x0000000800b30000

Heap:
 garbage-first heap   total 131072K, used 5120K [0x0000000081c00000, 0x0000000100000000)
  region size 1024K, 6 young (6144K), 0 survivors (0K)
 Metaspace       used 851K, capacity 4607K, committed 4864K, reserved 1056768K
  class space    used 91K, capacity 429K, committed 512K, reserved 1048576K
Heap Regions: E=young(eden), S=young(survivor), O=old, HS=humongous(starts), HC=humongous(continues), CS=collection set, F=free, OA=open archive, CA=closed archive, TAMS=top-at-mark-start (previous, next)
|   0|0x0000000081c00000, 0x0000000081c00000, 0x0000000081d00000|  0%| F|  |TAMS 0x0000000081c00000, 0x0000000081c00000| Untracked 
|   1|0x0000000081d00000, 0x0000000081d00000, 0x0000000081e00000|  0%| F|  |TAMS 0x0000000081d00000, 0x0000000081d00000| Untracked 
|   2|0x0000000081e00000, 0x0000000081e00000, 0x0000000081f00000|  0%| F|  |TAMS 0x0000000081e00000, 0x0000000081e00000| Untracked 
|   3|0x0000000081f00000, 0x0000000081f00000, 0x0000000082000000|  0%| F|  |TAMS 0x0000000081f00000, 0x0000000081f00000| Untracked 
|   4|0x0000000082000000, 0x0000000082000000, 0x0000000082100000|  0%| F|  |TAMS 0x0000000082000000, 0x0000000082000000| Untracked 
|   5|0x0000000082100000, 0x0000000082100000, 0x0000000082200000|  0%| F|  |TAMS 0x0000000082100000, 0x0000000082100000| Untracked 
|   6|0x0000000082200000, 0x0000000082200000, 0x0000000082300000|  0%| F|  |TAMS 0x0000000082200000, 0x0000000082200000| Untracked 
|   7|0x0000000082300000, 0x0000000082300000, 0x0000000082400000|  0%| F|  |TAMS 0x0000000082300000, 0x0000000082300000| Untracked 
|   8|0x0000000082400000, 0x0000000082400000, 0x0000000082500000|  0%| F|  |TAMS 0x0000000082400000, 0x0000000082400000| Untracked 
|   9|0x0000000082500000, 0x0000000082500000, 0x0000000082600000|  0%| F|  |TAMS 0x0000000082500000, 0x0000000082500000| Untracked 
|  10|0x0000000082600000, 0x0000000082600000, 0x0000000082700000|  0%| F|  |TAMS 0x0000000082600000, 0x0000000082600000| Untracked 
|  11|0x0000000082700000, 0x0000000082700000, 0x0000000082800000|  0%| F|  |TAMS 0x0000000082700000, 0x0000000082700000| Untracked 
|  12|0x0000000082800000, 0x0000000082800000, 0x0000000082900000|  0%| F|  |TAMS 0x0000000082800000, 0x0000000082800000| Untracked 
|  13|0x0000000082900000, 0x0000000082900000, 0x0000000082a00000|  0%| F|  |TAMS 0x0000000082900000, 0x0000000082900000| Untracked 
|  14|0x0000000082a00000, 0x0000000082a00000, 0x0000000082b00000|  0%| F|  |TAMS 0x0000000082a00000, 0x0000000082a00000| Untracked 
|  15|0x0000000082b00000, 0x0000000082b00000, 0x0000000082c00000|  0%| F|  |TAMS 0x0000000082b00000, 0x0000000082b00000| Untracked 
|  16|0x0000000082c00000, 0x0000000082c00000, 0x0000000082d00000|  0%| F|  |TAMS 0x0000000082c00000, 0x0000000082c00000| Untracked 
|  17|0x0000000082d00000, 0x0000000082d00000, 0x0000000082e00000|  0%| F|  |TAMS 0x0000000082d00000, 0x0000000082d00000| Untracked 
|  18|0x0000000082e00000, 0x0000000082e00000, 0x0000000082f00000|  0%| F|  |TAMS 0x0000000082e00000, 0x0000000082e00000| Untracked 
|  19|0x0000000082f00000, 0x0000000082f00000, 0x0000000083000000|  0%| F|  |TAMS 0x0000000082f00000, 0x0000000082f00000| Untracked 
|  20|0x0000000083000000, 0x0000000083000000, 0x0000000083100000|  0%| F|  |TAMS 0x0000000083000000, 0x0000000083000000| Untracked 
|  21|0x0000000083100000, 0x0000000083100000, 0x0000000083200000|  0%| F|  |TAMS 0x0000000083100000, 0x0000000083100000| Untracked 
|  22|0x0000000083200000, 0x0000000083200000, 0x0000000083300000|  0%| F|  |TAMS 0x0000000083200000, 0x0000000083200000| Untracked 
|  23|0x0000000083300000, 0x0000000083300000, 0x0000000083400000|  0%| F|  |TAMS 0x0000000083300000, 0x0000000083300000| Untracked 
|  24|0x0000000083400000, 0x0000000083400000, 0x0000000083500000|  0%| F|  |TAMS 0x0000000083400000, 0x0000000083400000| Untracked 
|  25|0x0000000083500000, 0x0000000083500000, 0x0000000083600000|  0%| F|  |TAMS 0x0000000083500000, 0x0000000083500000| Untracked 
|  26|0x0000000083600000, 0x0000000083600000, 0x0000000083700000|  0%| F|  |TAMS 0x0000000083600000, 0x0000000083600000| Untracked 
|  27|0x0000000083700000, 0x0000000083700000, 0x0000000083800000|  0%| F|  |TAMS 0x0000000083700000, 0x0000000083700000| Untracked 
|  28|0x0000000083800000, 0x0000000083800000, 0x0000000083900000|  0%| F|  |TAMS 0x0000000083800000, 0x0000000083800000| Untracked 
|  29|0x0000000083900000, 0x0000000083900000, 0x0000000083a00000|  0%| F|  |TAMS 0x0000000083900000, 0x0000000083900000| Untracked 
|  30|0x0000000083a00000, 0x0000000083a00000, 0x0000000083b00000|  0%| F|  |TAMS 0x0000000083a00000, 0x0000000083a00000| Untracked 
|  31|0x0000000083b00000, 0x0000000083b00000, 0x0000000083c00000|  0%| F|  |TAMS 0x0000000083b00000, 0x0000000083b00000| Untracked 
|  32|0x0000000083c00000, 0x0000000083c00000, 0x0000000083d00000|  0%| F|  |TAMS 0x0000000083c00000, 0x0000000083c00000| Untracked 
|  33|0x0000000083d00000, 0x0000000083d00000, 0x0000000083e00000|  0%| F|  |TAMS 0x0000000083d00000, 0x0000000083d00000| Untracked 
|  34|0x0000000083e00000, 0x0000000083e00000, 0x0000000083f00000|  0%| F|  |TAMS 0x0000000083e00000, 0x0000000083e00000| Untracked 
|  35|0x0000000083f00000, 0x0000000083f00000, 0x0000000084000000|  0%| F|  |TAMS 0x0000000083f00000, 0x0000000083f00000| Untracked 
|  36|0x0000000084000000, 0x0000000084000000, 0x0000000084100000|  0%| F|  |TAMS 0x0000000084000000, 0x0000000084000000| Untracked 
|  37|0x0000000084100000, 0x0000000084100000, 0x0000000084200000|  0%| F|  |TAMS 0x0000000084100000, 0x0000000084100000| Untracked 
|  38|0x0000000084200000, 0x0000000084200000, 0x0000000084300000|  0%| F|  |TAMS 0x0000000084200000, 0x0000000084200000| Untracked 
|  39|0x0000000084300000, 0x0000000084300000, 0x0000000084400000|  0%| F|  |TAMS 0x0000000084300000, 0x0000000084300000| Untracked 
|  40|0x0000000084400000, 0x0000000084400000, 0x0000000084500000|  0%| F|  |TAMS 0x0000000084400000, 0x0000000084400000| Untracked 
|  41|0x0000000084500000, 0x0000000084500000, 0x0000000084600000|  0%| F|  |TAMS 0x0000000084500000, 0x0000000084500000| Untracked 
|  42|0x0000000084600000, 0x0000000084600000, 0x0000000084700000|  0%| F|  |TAMS 0x0000000084600000, 0x0000000084600000| Untracked 
|  43|0x0000000084700000, 0x0000000084700000, 0x0000000084800000|  0%| F|  |TAMS 0x0000000084700000, 0x0000000084700000| Untracked 
|  44|0x0000000084800000, 0x0000000084800000, 0x0000000084900000|  0%| F|  |TAMS 0x0000000084800000, 0x0000000084800000| Untracked 
|  45|0x0000000084900000, 0x0000000084900000, 0x0000000084a00000|  0%| F|  |TAMS 0x0000000084900000, 0x0000000084900000| Untracked 
|  46|0x0000000084a00000, 0x0000000084a00000, 0x0000000084b00000|  0%| F|  |TAMS 0x0000000084a00000, 0x0000000084a00000| Untracked 
|  47|0x0000000084b00000, 0x0000000084b00000, 0x0000000084c00000|  0%| F|  |TAMS 0x0000000084b00000, 0x0000000084b00000| Untracked 
|  48|0x0000000084c00000, 0x0000000084c00000, 0x0000000084d00000|  0%| F|  |TAMS 0x0000000084c00000, 0x0000000084c00000| Untracked 
|  49|0x0000000084d00000, 0x0000000084d00000, 0x0000000084e00000|  0%| F|  |TAMS 0x0000000084d00000, 0x0000000084d00000| Untracked 
|  50|0x0000000084e00000, 0x0000000084e00000, 0x0000000084f00000|  0%| F|  |TAMS 0x0000000084e00000, 0x0000000084e00000| Untracked 
|  51|0x0000000084f00000, 0x0000000084f00000, 0x0000000085000000|  0%| F|  |TAMS 0x0000000084f00000, 0x0000000084f00000| Untracked 
|  52|0x0000000085000000, 0x0000000085000000, 0x0000000085100000|  0%| F|  |TAMS 0x0000000085000000, 0x0000000085000000| Untracked 
|  53|0x0000000085100000, 0x0000000085100000, 0x0000000085200000|  0%| F|  |TAMS 0x0000000085100000, 0x0000000085100000| Untracked 
|  54|0x0000000085200000, 0x0000000085200000, 0x0000000085300000|  0%| F|  |TAMS 0x0000000085200000, 0x0000000085200000| Untracked 
|  55|0x0000000085300000, 0x0000000085300000, 0x0000000085400000|  0%| F|  |TAMS 0x0000000085300000, 0x0000000085300000| Untracked 
|  56|0x0000000085400000, 0x0000000085400000, 0x0000000085500000|  0%| F|  |TAMS 0x0000000085400000, 0x0000000085400000| Untracked 
|  57|0x0000000085500000, 0x0000000085500000, 0x0000000085600000|  0%| F|  |TAMS 0x0000000085500000, 0x0000000085500000| Untracked 
|  58|0x0000000085600000, 0x0000000085600000, 0x0000000085700000|  0%| F|  |TAMS 0x0000000085600000, 0x0000000085600000| Untracked 
|  59|0x0000000085700000, 0x0000000085700000, 0x0000000085800000|  0%| F|  |TAMS 0x0000000085700000, 0x0000000085700000| Untracked 
|  60|0x0000000085800000, 0x0000000085800000, 0x0000000085900000|  0%| F|  |TAMS 0x0000000085800000, 0x0000000085800000| Untracked 
|  61|0x0000000085900000, 0x0000000085900000, 0x0000000085a00000|  0%| F|  |TAMS 0x0000000085900000, 0x0000000085900000| Untracked 
|  62|0x0000000085a00000, 0x0000000085a00000, 0x0000000085b00000|  0%| F|  |TAMS 0x0000000085a00000, 0x0000000085a00000| Untracked 
|  63|0x0000000085b00000, 0x0000000085b00000, 0x0000000085c00000|  0%| F|  |TAMS 0x0000000085b00000, 0x0000000085b00000| Untracked 
|  64|0x0000000085c00000, 0x0000000085c00000, 0x0000000085d00000|  0%| F|  |TAMS 0x0000000085c00000, 0x0000000085c00000| Untracked 
|  65|0x0000000085d00000, 0x0000000085d00000, 0x0000000085e00000|  0%| F|  |TAMS 0x0000000085d00000, 0x0000000085d00000| Untracked 
|  66|0x0000000085e00000, 0x0000000085e00000, 0x0000000085f00000|  0%| F|  |TAMS 0x0000000085e00000, 0x0000000085e00000| Untracked 
|  67|0x0000000085f00000, 0x0000000085f00000, 0x0000000086000000|  0%| F|  |TAMS 0x0000000085f00000, 0x0000000085f00000| Untracked 
|  68|0x0000000086000000, 0x0000000086000000, 0x0000000086100000|  0%| F|  |TAMS 0x0000000086000000, 0x0000000086000000| Untracked 
|  69|0x0000000086100000, 0x0000000086100000, 0x0000000086200000|  0%| F|  |TAMS 0x0000000086100000, 0x0000000086100000| Untracked 
|  70|0x0000000086200000, 0x0000000086200000, 0x0000000086300000|  0%| F|  |TAMS 0x0000000086200000, 0x0000000086200000| Untracked 
|  71|0x0000000086300000, 0x0000000086300000, 0x0000000086400000|  0%| F|  |TAMS 0x0000000086300000, 0x0000000086300000| Untracked 
|  72|0x0000000086400000, 0x0000000086400000, 0x0000000086500000|  0%| F|  |TAMS 0x0000000086400000, 0x0000000086400000| Untracked 
|  73|0x0000000086500000, 0x0000000086500000, 0x0000000086600000|  0%| F|  |TAMS 0x0000000086500000, 0x0000000086500000| Untracked 
|  74|0x0000000086600000, 0x0000000086600000, 0x0000000086700000|  0%| F|  |TAMS 0x0000000086600000, 0x0000000086600000| Untracked 
|  75|0x0000000086700000, 0x0000000086700000, 0x0000000086800000|  0%| F|  |TAMS 0x0000000086700000, 0x0000000086700000| Untracked 
|  76|0x0000000086800000, 0x0000000086800000, 0x0000000086900000|  0%| F|  |TAMS 0x0000000086800000, 0x0000000086800000| Untracked 
|  77|0x0000000086900000, 0x0000000086900000, 0x0000000086a00000|  0%| F|  |TAMS 0x0000000086900000, 0x0000000086900000| Untracked 
|  78|0x0000000086a00000, 0x0000000086a00000, 0x0000000086b00000|  0%| F|  |TAMS 0x0000000086a00000, 0x0000000086a00000| Untracked 
|  79|0x0000000086b00000, 0x0000000086b00000, 0x0000000086c00000|  0%| F|  |TAMS 0x0000000086b00000, 0x0000000086b00000| Untracked 
|  80|0x0000000086c00000, 0x0000000086c00000, 0x0000000086d00000|  0%| F|  |TAMS 0x0000000086c00000, 0x0000000086c00000| Untracked 
|  81|0x0000000086d00000, 0x0000000086d00000, 0x0000000086e00000|  0%| F|  |TAMS 0x0000000086d00000, 0x0000000086d00000| Untracked 
|  82|0x0000000086e00000, 0x0000000086e00000, 0x0000000086f00000|  0%| F|  |TAMS 0x0000000086e00000, 0x0000000086e00000| Untracked 
|  83|0x0000000086f00000, 0x0000000086f00000, 0x0000000087000000|  0%| F|  |TAMS 0x0000000086f00000, 0x0000000086f00000| Untracked 
|  84|0x0000000087000000, 0x0000000087000000, 0x0000000087100000|  0%| F|  |TAMS 0x0000000087000000, 0x0000000087000000| Untracked 
|  85|0x0000000087100000, 0x0000000087100000, 0x0000000087200000|  0%| F|  |TAMS 0x0000000087100000, 0x0000000087100000| Untracked 
|  86|0x0000000087200000, 0x0000000087200000, 0x0000000087300000|  0%| F|  |TAMS 0x0000000087200000, 0x0000000087200000| Untracked 
|  87|0x0000000087300000, 0x0000000087300000, 0x0000000087400000|  0%| F|  |TAMS 0x0000000087300000, 0x0000000087300000| Untracked 
|  88|0x0000000087400000, 0x0000000087400000, 0x0000000087500000|  0%| F|  |TAMS 0x0000000087400000, 0x0000000087400000| Untracked 
|  89|0x0000000087500000, 0x0000000087500000, 0x0000000087600000|  0%| F|  |TAMS 0x0000000087500000, 0x0000000087500000| Untracked 
|  90|0x0000000087600000, 0x0000000087600000, 0x0000000087700000|  0%| F|  |TAMS 0x0000000087600000, 0x0000000087600000| Untracked 
|  91|0x0000000087700000, 0x0000000087700000, 0x0000000087800000|  0%| F|  |TAMS 0x0000000087700000, 0x0000000087700000| Untracked 
|  92|0x0000000087800000, 0x0000000087800000, 0x0000000087900000|  0%| F|  |TAMS 0x0000000087800000, 0x0000000087800000| Untracked 
|  93|0x0000000087900000, 0x0000000087900000, 0x0000000087a00000|  0%| F|  |TAMS 0x0000000087900000, 0x0000000087900000| Untracked 
|  94|0x0000000087a00000, 0x0000000087a00000, 0x0000000087b00000|  0%| F|  |TAMS 0x0000000087a00000, 0x0000000087a00000| Untracked 
|  95|0x0000000087b00000, 0x0000000087b00000, 0x0000000087c00000|  0%| F|  |TAMS 0x0000000087b00000, 0x0000000087b00000| Untracked 
|  96|0x0000000087c00000, 0x0000000087c00000, 0x0000000087d00000|  0%| F|  |TAMS 0x0000000087c00000, 0x0000000087c00000| Untracked 
|  97|0x0000000087d00000, 0x0000000087d00000, 0x0000000087e00000|  0%| F|  |TAMS 0x0000000087d00000, 0x0000000087d00000| Untracked 
|  98|0x0000000087e00000, 0x0000000087e00000, 0x0000000087f00000|  0%| F|  |TAMS 0x0000000087e00000, 0x0000000087e00000| Untracked 
|  99|0x0000000087f00000, 0x0000000087f00000, 0x0000000088000000|  0%| F|  |TAMS 0x0000000087f00000, 0x0000000087f00000| Untracked 
| 100|0x0000000088000000, 0x0000000088000000, 0x0000000088100000|  0%| F|  |TAMS 0x0000000088000000, 0x0000000088000000| Untracked 
| 101|0x0000000088100000, 0x0000000088100000, 0x0000000088200000|  0%| F|  |TAMS 0x0000000088100000, 0x0000000088100000| Untracked 
| 102|0x0000000088200000, 0x0000000088200000, 0x0000000088300000|  0%| F|  |TAMS 0x0000000088200000, 0x0000000088200000| Untracked 
| 103|0x0000000088300000, 0x0000000088300000, 0x0000000088400000|  0%| F|  |TAMS 0x0000000088300000, 0x0000000088300000| Untracked 
| 104|0x0000000088400000, 0x0000000088400000, 0x0000000088500000|  0%| F|  |TAMS 0x0000000088400000, 0x0000000088400000| Untracked 
| 105|0x0000000088500000, 0x0000000088500000, 0x0000000088600000|  0%| F|  |TAMS 0x0000000088500000, 0x0000000088500000| Untracked 
| 106|0x0000000088600000, 0x0000000088600000, 0x0000000088700000|  0%| F|  |TAMS 0x0000000088600000, 0x0000000088600000| Untracked 
| 107|0x0000000088700000, 0x0000000088700000, 0x0000000088800000|  0%| F|  |TAMS 0x0000000088700000, 0x0000000088700000| Untracked 
| 108|0x0000000088800000, 0x0000000088800000, 0x0000000088900000|  0%| F|  |TAMS 0x0000000088800000, 0x0000000088800000| Untracked 
| 109|0x0000000088900000, 0x0000000088900000, 0x0000000088a00000|  0%| F|  |TAMS 0x0000000088900000, 0x0000000088900000| Untracked 
| 110|0x0000000088a00000, 0x0000000088a00000, 0x0000000088b00000|  0%| F|  |TAMS 0x0000000088a00000, 0x0000000088a00000| Untracked 
| 111|0x0000000088b00000, 0x0000000088b00000, 0x0000000088c00000|  0%| F|  |TAMS 0x0000000088b00000, 0x0000000088b00000| Untracked 
| 112|0x0000000088c00000, 0x0000000088c00000, 0x0000000088d00000|  0%| F|  |TAMS 0x0000000088c00000, 0x0000000088c00000| Untracked 
| 113|0x0000000088d00000, 0x0000000088d00000, 0x0000000088e00000|  0%| F|  |TAMS 0x0000000088d00000, 0x0000000088d00000| Untracked 
| 114|0x0000000088e00000, 0x0000000088e00000, 0x0000000088f00000|  0%| F|  |TAMS 0x0000000088e00000, 0x0000000088e00000| Untracked 
| 115|0x0000000088f00000, 0x0000000088f00000, 0x0000000089000000|  0%| F|  |TAMS 0x0000000088f00000, 0x0000000088f00000| Untracked 
| 116|0x0000000089000000, 0x0000000089000000, 0x0000000089100000|  0%| F|  |TAMS 0x0000000089000000, 0x0000000089000000| Untracked 
| 117|0x0000000089100000, 0x0000000089100000, 0x0000000089200000|  0%| F|  |TAMS 0x0000000089100000, 0x0000000089100000| Untracked 
| 118|0x0000000089200000, 0x0000000089200000, 0x0000000089300000|  0%| F|  |TAMS 0x0000000089200000, 0x0000000089200000| Untracked 
| 119|0x0000000089300000, 0x0000000089300000, 0x0000000089400000|  0%| F|  |TAMS 0x0000000089300000, 0x0000000089300000| Untracked 
| 120|0x0000000089400000, 0x0000000089400000, 0x0000000089500000|  0%| F|  |TAMS 0x0000000089400000, 0x0000000089400000| Untracked 
| 121|0x0000000089500000, 0x0000000089500000, 0x0000000089600000|  0%| F|  |TAMS 0x0000000089500000, 0x0000000089500000| Untracked 
| 122|0x0000000089600000, 0x0000000089685a20, 0x0000000089700000| 52%| E|  |TAMS 0x0000000089600000, 0x0000000089600000| Complete 
| 123|0x0000000089700000, 0x0000000089800000, 0x0000000089800000|100%| E|CS|TAMS 0x0000000089700000, 0x0000000089700000| Complete 
| 124|0x0000000089800000, 0x0000000089900000, 0x0000000089900000|100%| E|CS|TAMS 0x0000000089800000, 0x0000000089800000| Complete 
| 125|0x0000000089900000, 0x0000000089a00000, 0x0000000089a00000|100%| E|CS|TAMS 0x0000000089900000, 0x0000000089900000| Complete 
| 126|0x0000000089a00000, 0x0000000089b00000, 0x0000000089b00000|100%| E|CS|TAMS 0x0000000089a00000, 0x0000000089a00000| Complete 
| 127|0x0000000089b00000, 0x0000000089c00000, 0x0000000089c00000|100%| E|CS|TAMS 0x0000000089b00000, 0x0000000089b00000| Complete 

Card table byte_map: [0x000002211f600000,0x000002211fa00000] _byte_map_base: 0x000002211f1f2000

Marking Bits (Prev, Next): (CMBitMap*) 0x0000022105c6f8f8, (CMBitMap*) 0x0000022105c6f938
 Prev Bits: [0x000002211fe00000, 0x0000022121d90000)
 Next Bits: [0x0000022121d90000, 0x0000022123d20000)

Polling page: 0x0000022105a90000

Metaspace:

Usage:
  Non-class:      4.08 MB capacity,   760.72 KB ( 18%) used,     3.33 MB ( 82%) free+waste,     5.19 KB ( <1%) overhead. 
      Class:    429.00 KB capacity,    91.66 KB ( 21%) used,   334.47 KB ( 78%) free+waste,     2.88 KB ( <1%) overhead. 
       Both:      4.50 MB capacity,   852.38 KB ( 19%) used,     3.66 MB ( 81%) free+waste,     8.06 KB ( <1%) overhead. 

Virtual space:
  Non-class space:        8.00 MB reserved,       4.25 MB ( 53%) committed 
      Class space:        1.00 GB reserved,     512.00 KB ( <1%) committed 
             Both:        1.01 GB reserved,       4.75 MB ( <1%) committed 

Chunk freelists:
   Non-Class:  0 bytes
       Class:  0 bytes
        Both:  0 bytes

MaxMetaspaceSize: 17179869184.00 GB
CompressedClassSpaceSize: 1.00 GB

CodeHeap 'non-profiled nmethods': size=120000Kb used=78Kb max_used=78Kb free=119921Kb
 bounds [0x00000221176b0000, 0x0000022117920000, 0x000002211ebe0000]
CodeHeap 'profiled nmethods': size=120000Kb used=452Kb max_used=452Kb free=119547Kb
 bounds [0x0000022110180000, 0x00000221103f0000, 0x00000221176b0000]
CodeHeap 'non-nmethods': size=5760Kb used=1108Kb max_used=1124Kb free=4651Kb
 bounds [0x000002210fbe0000, 0x000002210fe50000, 0x0000022110180000]
 total_blobs=643 nmethods=299 adapters=257
 compilation: enabled
              stopped_count=0, restarted_count=0
 full_count=0

Compilation events (20 events):
Event: 0.217 Thread 0x000002212632c000  220       3       jdk.internal.module.ModulePath$$Lambda$40/0x0000000800b9a840::apply (11 bytes)
Event: 0.217 Thread 0x000002212632c000 nmethod 220 0x00000221101d8d10 code [0x00000221101d8ec0, 0x00000221101d91a8]
Event: 0.217 Thread 0x000002212632c000  235       3       jdk.internal.module.ModulePath$$Lambda$41/0x0000000800b9ac40::apply (12 bytes)
Event: 0.217 Thread 0x000002212632c000 nmethod 235 0x00000221101d9290 code [0x00000221101d9440, 0x00000221101d96a8]
Event: 0.217 Thread 0x000002212632c000  252       3       jdk.internal.module.Checks::isPackageName (5 bytes)
Event: 0.217 Thread 0x000002212632c000 nmethod 252 0x00000221101d9790 code [0x00000221101d9920, 0x00000221101d9a28]
Event: 0.219 Thread 0x000002212632c000  257       3       java.io.DataInputStream::readUnsignedShort (39 bytes)
Event: 0.219 Thread 0x000002212632c000 nmethod 257 0x00000221101d9b10 code [0x00000221101d9ce0, 0x00000221101da068]
Event: 0.219 Thread 0x000002212632c000  258       3       java.util.HashMap$HashIterator::hasNext (13 bytes)
Event: 0.219 Thread 0x000002212632c000 nmethod 258 0x00000221101da190 code [0x00000221101da320, 0x00000221101da498]
Event: 0.219 Thread 0x000002212632c000  261       3       java.lang.CharacterDataLatin1::isJavaIdentifierPart (20 bytes)
Event: 0.219 Thread 0x000002212632c000 nmethod 261 0x00000221101da510 code [0x00000221101da6c0, 0x00000221101da8d8]
Event: 0.219 Thread 0x000002212632c000  260       3       java.lang.String::checkIndex (48 bytes)
Event: 0.220 Thread 0x000002212632c000 nmethod 260 0x00000221101daa10 code [0x00000221101dac80, 0x00000221101db638]
Event: 0.220 Thread 0x000002212632c000  262       3       java.util.zip.ZipUtils::CENSIZ (9 bytes)
Event: 0.220 Thread 0x000002212632c000 nmethod 262 0x00000221101dba10 code [0x00000221101dbbc0, 0x00000221101dbe98]
Event: 0.220 Thread 0x000002212632c000  263       3       java.util.zip.ZipFile$Source::getEntryPos (9 bytes)
Event: 0.220 Thread 0x000002212632c000 nmethod 263 0x00000221101dc010 code [0x00000221101dc1a0, 0x00000221101dc2f8]
Event: 0.220 Thread 0x000002212632c000  264       3       java.util.zip.ZipFile::getZipEntry (301 bytes)
Event: 0.221 Thread 0x0000022126df4800  254       4       java.util.zip.ZipFile$Source::hashN (26 bytes)

GC Heap History (0 events):
No events

Deoptimization events (4 events):
Event: 0.219 Thread 0x0000022105c2a800 Uncommon trap: trap_request=0xffffff45 fr.pc=0x00000221176c044c relative=0x00000000000000ac
Event: 0.219 Thread 0x0000022105c2a800 Uncommon trap: reason=unstable_if action=reinterpret pc=0x00000221176c044c method=java.lang.CharacterDataLatin1.isJavaIdentifierPart(I)Z @ 11 c2
Event: 0.219 Thread 0x0000022105c2a800 DEOPT PACKING pc=0x00000221176c044c sp=0x0000004bb4afdd10
Event: 0.219 Thread 0x0000022105c2a800 DEOPT UNPACKING pc=0x000002210fc2912f sp=0x0000004bb4afdc88 mode 2

Classes unloaded (0 events):
No events

Classes redefined (0 events):
No events

Internal exceptions (4 events):
Event: 0.156 Thread 0x0000022105c2a800 Exception <a 'java/lang/NoSuchMethodError'{0x0000000089bb7df8}: 'void java.lang.invoke.DirectMethodHandle$Holder.invokeSpecial(java.lang.Object, java.lang.Object, java.lang.Object, java.lang.Object)'> (0x0000000089bb7df8) 
thrown [./open/src/hotspot/share/interpreter/linkResolver.cpp, line 766]
Event: 0.169 Thread 0x0000022105c2a800 Exception <a 'sun/nio/fs/WindowsException'{0x0000000089a0a498}> (0x0000000089a0a498) 
thrown [./open/src/hotspot/share/prims/jni.cpp, line 599]
Event: 0.170 Thread 0x0000022105c2a800 Exception <a 'sun/nio/fs/WindowsException'{0x0000000089a0a8f8}> (0x0000000089a0a8f8) 
thrown [./open/src/hotspot/share/prims/jni.cpp, line 599]
Event: 0.180 Thread 0x0000022105c2a800 Exception <a 'java/lang/NoSuchMethodError'{0x0000000089a24578}: 'int java.lang.invoke.DirectMethodHandle$Holder.invokeSpecialIFC(java.lang.Object, java.lang.Object, int)'> (0x0000000089a24578) 
thrown [./open/src/hotspot/share/interpreter/linkResolver.cpp, line 766]

Events (20 events):
Event: 0.192 loading class jdk/internal/module/ModuleReferences done
Event: 0.192 loading class sun/nio/fs/WindowsUriSupport
Event: 0.192 loading class sun/nio/fs/WindowsUriSupport done
Event: 0.194 loading class java/io/RandomAccessFile$1
Event: 0.194 loading class java/io/RandomAccessFile$1 done
Event: 0.198 loading class jdk/internal/module/ModuleInfo
Event: 0.198 loading class jdk/internal/module/ModuleInfo done
Event: 0.198 loading class jdk/internal/module/ModuleInfo$ConstantPool
Event: 0.198 loading class jdk/internal/module/ModuleInfo$ConstantPool done
Event: 0.198 loading class jdk/internal/module/ModuleInfo$ConstantPool$Entry
Event: 0.198 loading class jdk/internal/module/ModuleInfo$ConstantPool$Entry done
Event: 0.198 loading class jdk/internal/module/ModuleInfo$ConstantPool$IndexEntry
Event: 0.198 loading class jdk/internal/module/ModuleInfo$ConstantPool$IndexEntry done
Event: 0.198 loading class jdk/internal/module/ModuleInfo$ConstantPool$ValueEntry
Event: 0.198 loading class jdk/internal/module/ModuleInfo$ConstantPool$ValueEntry done
Event: 0.214 loading class java/util/WeakHashMap$KeyIterator
Event: 0.214 loading class java/util/WeakHashMap$HashIterator
Event: 0.214 loading class java/util/WeakHashMap$HashIterator done
Event: 0.214 loading class java/util/WeakHashMap$KeyIterator done
Event: 0.219 Thread 0x0000022126df4800 Thread added: 0x0000022126df4800


Dynamic libraries:
0x00007ff6bf500000 - 0x00007ff6bf50f000 	C:\Program Files\Java\jdk-14.0.2\bin\java.exe
0x00007ffd0dd90000 - 0x00007ffd0df86000 	C:\WINDOWS\SYSTEM32\ntdll.dll
0x00007ffd0d220000 - 0x00007ffd0d2dd000 	C:\WINDOWS\System32\KERNEL32.DLL
0x00007ffd0b6f0000 - 0x00007ffd0b9b8000 	C:\WINDOWS\System32\KERNELBASE.dll
0x00007ffd0b5f0000 - 0x00007ffd0b6f0000 	C:\WINDOWS\System32\ucrtbase.dll
0x00007ffd009e0000 - 0x00007ffd009f5000 	C:\Program Files\Java\jdk-14.0.2\bin\VCRUNTIME140.dll
0x00007ffd04b70000 - 0x00007ffd04b88000 	C:\Program Files\Java\jdk-14.0.2\bin\jli.dll
0x00007ffd0c790000 - 0x00007ffd0c83a000 	C:\WINDOWS\System32\ADVAPI32.dll
0x00007ffd0d180000 - 0x00007ffd0d21e000 	C:\WINDOWS\System32\msvcrt.dll
0x00007ffd0c9b0000 - 0x00007ffd0ca4b000 	C:\WINDOWS\System32\sechost.dll
0x00007ffd0c1c0000 - 0x00007ffd0c2e4000 	C:\WINDOWS\System32\RPCRT4.dll
0x00007ffd0cac0000 - 0x00007ffd0cc60000 	C:\WINDOWS\System32\USER32.dll
0x00007ffd0bae0000 - 0x00007ffd0bb02000 	C:\WINDOWS\System32\win32u.dll
0x00007ffd0d150000 - 0x00007ffd0d17a000 	C:\WINDOWS\System32\GDI32.dll
0x00007ffd0b4e0000 - 0x00007ffd0b5e9000 	C:\WINDOWS\System32\gdi32full.dll
0x00007ffd0ba40000 - 0x00007ffd0badd000 	C:\WINDOWS\System32\msvcp_win.dll
0x00007ffd04fd0000 - 0x00007ffd04fda000 	C:\WINDOWS\SYSTEM32\VERSION.dll
0x00007ffcfbee0000 - 0x00007ffcfc17b000 	C:\WINDOWS\WinSxS\amd64_microsoft.windows.common-controls_6595b64144ccf1df_6.0.19041.488_none_ca04af081b815d21\COMCTL32.dll
0x00007ffd0da20000 - 0x00007ffd0da50000 	C:\WINDOWS\System32\IMM32.DLL
0x00007ffcf7d70000 - 0x00007ffcf7e0b000 	C:\Program Files\Java\jdk-14.0.2\bin\msvcp140.dll
0x00007ffcc5b90000 - 0x00007ffcc66ae000 	C:\Program Files\Java\jdk-14.0.2\bin\server\jvm.dll
0x00007ffd0c450000 - 0x00007ffd0c458000 	C:\WINDOWS\System32\PSAPI.DLL
0x00007ffd00a80000 - 0x00007ffd00aa7000 	C:\WINDOWS\SYSTEM32\WINMM.dll
0x00007ffcff460000 - 0x00007ffcff469000 	C:\WINDOWS\SYSTEM32\WSOCK32.dll
0x00007ffd0ca50000 - 0x00007ffd0cabb000 	C:\WINDOWS\System32\WS2_32.dll
0x00007ffd09e10000 - 0x00007ffd09e22000 	C:\WINDOWS\SYSTEM32\kernel.appcore.dll
0x00007ffd06070000 - 0x00007ffd0607a000 	C:\Program Files\Java\jdk-14.0.2\bin\jimage.dll
0x00007ffd09ad0000 - 0x00007ffd09cb4000 	C:\WINDOWS\SYSTEM32\DBGHELP.DLL
0x00007ffd03d40000 - 0x00007ffd03d6c000 	C:\WINDOWS\SYSTEM32\dbgcore.DLL
0x00007ffd0b9c0000 - 0x00007ffd0ba3f000 	C:\WINDOWS\System32\bcryptPrimitives.dll
0x00007ffd05ed0000 - 0x00007ffd05ede000 	C:\Program Files\Java\jdk-14.0.2\bin\instrument.dll
0x00007ffd008f0000 - 0x00007ffd00915000 	C:\Program Files\Java\jdk-14.0.2\bin\java.dll
0x00007ffd009c0000 - 0x00007ffd009d6000 	C:\Program Files\Java\jdk-14.0.2\bin\zip.dll
0x00007ffd0d2e0000 - 0x00007ffd0da20000 	C:\WINDOWS\System32\SHELL32.dll
0x00007ffd09260000 - 0x00007ffd099f4000 	C:\WINDOWS\SYSTEM32\windows.storage.dll
0x00007ffd0be00000 - 0x00007ffd0c155000 	C:\WINDOWS\System32\combase.dll
0x00007ffd0af50000 - 0x00007ffd0af7c000 	C:\WINDOWS\SYSTEM32\Wldp.dll
0x00007ffd0c3a0000 - 0x00007ffd0c44e000 	C:\WINDOWS\System32\SHCORE.dll
0x00007ffd0cc60000 - 0x00007ffd0ccb5000 	C:\WINDOWS\System32\shlwapi.dll
0x00007ffd0b410000 - 0x00007ffd0b436000 	C:\WINDOWS\SYSTEM32\profapi.dll
0x00007ffd00420000 - 0x00007ffd00439000 	C:\Program Files\Java\jdk-14.0.2\bin\net.dll
0x00007ffd05930000 - 0x00007ffd05a30000 	C:\WINDOWS\SYSTEM32\WINHTTP.dll
0x00007ffd0acd0000 - 0x00007ffd0ad3a000 	C:\WINDOWS\system32\mswsock.dll
0x00007ffd00400000 - 0x00007ffd00412000 	C:\Program Files\Java\jdk-14.0.2\bin\nio.dll

dbghelp: loaded successfully - version: 4.0.5 - missing functions: none
symbol engine: initialized successfully - sym options: 0x614 - pdb path: .;C:\Program Files\Java\jdk-14.0.2\bin;C:\WINDOWS\SYSTEM32;C:\WINDOWS\WinSxS\amd64_microsoft.windows.common-controls_6595b64144ccf1df_6.0.19041.488_none_ca04af081b815d21;C:\Program Files\Java\jdk-14.0.2\bin\server

VM Arguments:
jvm_args: --module-path=C:\Users\Asus\javafx-sdk-15\lib --add-modules=javafx.controls,javafx.fxml --add-modules=javafx.base,javafx.graphics --add-reads=javafx.base=ALL-UNNAMED --add-reads=javafx.graphics=ALL-UNNAMED -javaagent:C:\Program Files\JetBrains\IntelliJ IDEA Community Edition 2020.2.3\lib\idea_rt.jar=51750:C:\Program Files\JetBrains\IntelliJ IDEA Community Edition 2020.2.3\bin -Dfile.encoding=UTF-8 
java_command: sample.sample.Main
java_class_path (initial): C:\Users\Asus\IdeaProjects\untitled3\out\production\untitled3;C:\Users\Asus\javafx-sdk-15\lib\src.zip;C:\Users\Asus\javafx-sdk-15\lib\javafx-swt.jar;C:\Users\Asus\javafx-sdk-15\lib\javafx.web.jar;C:\Users\Asus\javafx-sdk-15\lib\javafx.base.jar;C:\Users\Asus\javafx-sdk-15\lib\javafx.fxml.jar;C:\Users\Asus\javafx-sdk-15\lib\javafx.media.jar;C:\Users\Asus\javafx-sdk-15\lib\javafx.swing.jar;C:\Users\Asus\javafx-sdk-15\lib\javafx.controls.jar;C:\Users\Asus\javafx-sdk-15\lib\javafx.graphics.jar
Launcher Type: SUN_STANDARD

[Global flags]
     intx CICompilerCount                          = 3                                         {product} {ergonomic}
     uint ConcGCThreads                            = 1                                         {product} {ergonomic}
     uint G1ConcRefinementThreads                  = 4                                         {product} {ergonomic}
   size_t G1HeapRegionSize                         = 1048576                                   {product} {ergonomic}
    uintx GCDrainStackTargetSize                   = 64                                        {product} {ergonomic}
   size_t InitialHeapSize                          = 134217728                                 {product} {ergonomic}
   size_t MarkStackSize                            = 4194304                                   {product} {ergonomic}
   size_t MaxHeapSize                              = 2118123520                                {product} {ergonomic}
   size_t MaxNewSize                               = 1270874112                                {product} {ergonomic}
   size_t MinHeapDeltaBytes                        = 1048576                                   {product} {ergonomic}
   size_t MinHeapSize                              = 8388608                                   {product} {ergonomic}
    uintx NonNMethodCodeHeapSize                   = 5832780                                {pd product} {ergonomic}
    uintx NonProfiledCodeHeapSize                  = 122912730                              {pd product} {ergonomic}
    uintx ProfiledCodeHeapSize                     = 122912730                              {pd product} {ergonomic}
    uintx ReservedCodeCacheSize                    = 251658240                              {pd product} {ergonomic}
     bool SegmentedCodeCache                       = true                                      {product} {ergonomic}
   size_t SoftMaxHeapSize                          = 2118123520                             {manageable} {ergonomic}
     bool UseCompressedClassPointers               = true                                 {lp64_product} {ergonomic}
     bool UseCompressedOops                        = true                                 {lp64_product} {ergonomic}
     bool UseG1GC                                  = true                                      {product} {ergonomic}
     bool UseLargePagesIndividualAllocation        = false                                  {pd product} {ergonomic}

Logging:
Log output configuration:
 #0: stdout all=warning uptime,level,tags
 #1: stderr all=off uptime,level,tags

Environment Variables:
JAVA_HOME=C:\Program Files\Java\jdk-11.0.6
PATH=C:\Program Files (x86)\Intel\iCLS Client\;C:\Program Files\Intel\iCLS Client\;C:\Windows\system32;C:\Windows;C:\Windows\System32\Wbem;C:\Windows\System32\WindowsPowerShell\v1.0\;C:\Windows\System32\OpenSSH\;C:\Program Files (x86)\NVIDIA Corporation\PhysX\Common;C:\Program Files (x86)\Intel\Intel(R) Management Engine Components\DAL;C:\Program Files\Intel\Intel(R) Management Engine Components\DAL;C:\Program Files (x86)\Intel\Intel(R) Management Engine Components\IPT;C:\Program Files\Intel\Intel(R) Management Engine Components\IPT;C:\WINDOWS\system32;C:\WINDOWS;C:\WINDOWS\System32\Wbem;C:\WINDOWS\System32\WindowsPowerShell\v1.0\;C:\WINDOWS\System32\OpenSSH\;C:\FPC\3.0.2\bin\i386-Win32;C:\Program Files\dotnet\;C:\Program Files\Microsoft SQL Server\130\Tools\Binn\;C:\Program Files\Microsoft SQL Server\Client SDK\ODBC\170\Tools\Binn\;C:\Program Files\Java\jdk-11.0.6\bin;C:\Program Files\Git\cmd;C:\Program Files\MSC.Software\Adams Student Edition\2020_1\bin;C:\Users\Asus\AppData\Local\Microsoft\WindowsApps;;C:\Program Files\JetBrains\IntelliJ IDEA 2019.3.3\bin;;C:\Program Files\JetBrains\IntelliJ IDEA Community Edition 2020.2.3\bin;
USERNAME=Asus
OS=Windows_NT
PROCESSOR_IDENTIFIER=Intel64 Family 6 Model 142 Stepping 10, GenuineIntel



---------------  S Y S T E M  ---------------

OS: Windows 10 , 64 bit Build 19041 (10.0.19041.546)
OS uptime: 27 days 14:41 hours

CPU:total 4 (initial active 4) (2 cores per cpu, 2 threads per core) family 6 model 142 stepping 10, cmov, cx8, fxsr, mmx, sse, sse2, sse3, ssse3, sse4.1, sse4.2, popcnt, avx, avx2, aes, clmul, erms, 3dnowpref, lzcnt, ht, tsc, tscinvbit, bmi1, bmi2, adx, fma

Memory: 4k page, system-wide physical 8078M (742M free)
TotalPageFile size 32654M (AvailPageFile size 2M)
current process WorkingSet (physical memory assigned to process): 39M, peak: 39M
current process commit charge ("private bytes"): 208M, peak: 208M

vm_info: Java HotSpot(TM) 64-Bit Server VM (14.0.2+12-46) for windows-amd64 JRE (14.0.2+12-46), built on Jul  9 2020 00:35:52 by "mach5one" with MS VC++ 15.9 (VS2017)

END.
